<?xml version="1.0" encoding="UTF-8" standalone="yes"?><!DOCTYPE report PUBLIC "-//JACOCO//DTD Report 1.1//EN" "report.dtd"><report name="tailwindfx"><sessioninfo id="c-69efc2a6-0119c18d-9c076b9303c5-7a712b9e" start="1777322712713" dump="1777322718848"/><sessioninfo id="c-69efc2a6-0119c18d-9c076b9303c5-f995fdfe" start="1777322735013" dump="1777322741673"/><sessioninfo id="c-69efc2a6-0119c18d-9c076b9303c5-2abec935" start="1777322759852" dump="1777322812589"/><sessioninfo id="c-69efc2a6-0119c18d-9c076b9303c5-350496a8" start="1777322830831" dump="1777322881192"/><package name="tailwindfx"><class name="tailwindfx/FxFlexPane$1" sourcefilename="FxFlexPane.java"><method name="&lt;init&gt;" desc="(Ljavafx/scene/Node;Ljava/lang/Object;)V" line="421"><counter type="INSTRUCTION" missed="9" covered="0"/><counter type="LINE" missed="1" covered="0"/><counter type="COMPLEXITY" missed="1" covered="0"/><counter type="METHOD" missed="1" covered="0"/></method><method name="changed" desc="(Ljavafx/beans/value/ObservableValue;Ljavafx/scene/Parent;Ljavafx/scene/Parent;)V" line="424"><counter type="INSTRUCTION" missed="21" covered="0"/><counter type="BRANCH" missed="2" covered="0"/><counter type="LINE" missed="5" covered="0"/><counter type="COMPLEXITY" missed="2" covered="0"/><counter type="METHOD" missed="1" covered="0"/></method><counter type="INSTRUCTION" missed="30" covered="0"/><counter type="BRANCH" missed="2" covered="0"/><counter type="LINE" missed="6" covered="0"/><counter type="COMPLEXITY" missed="3" covered="0"/><counter type="METHOD" missed="2" covered="0"/><counter type="CLASS" missed="1" covered="0"/></class><class name="tailwindfx/TailwindFXMetrics" sourcefilename="TailwindFXMetrics.java"><method name="instance" desc="()Ltailwindfx/TailwindFXMetrics;" line="39"><counter type="INSTRUCTION" missed="0" covered="2"/><counter type="LINE" missed="0" covered="1"/><counter type="COMPLEXITY" missed="0" covered="1"/><counter type="METHOD" missed="0" covered="1"/></method><method name="&lt;init&gt;" desc="()V" line="41"><counter type="INSTRUCTION" missed="0" covered="81"/><counter type="LINE" missed="0" covered="19"/><counter type="COMPLEXITY" missed="0" covered="1"/><counter type="METHOD" missed="0" covered="1"/></method><method name="recordCacheHit" desc="()V" line="80"><counter type="INSTRUCTION" missed="0" covered="8"/><counter type="BRANCH" missed="1" covered="1"/><counter type="LINE" missed="0" covered="1"/><counter type="COMPLEXITY" missed="1" covered="1"/><counter type="METHOD" missed="0" covered="1"/></method><method name="recordCacheMiss" desc="()V" line="84"><counter type="INSTRUCTION" missed="1" covered="18"/><counter type="BRANCH" missed="1" covered="3"/><counter type="LINE" missed="0" covered="4"/><counter type="COMPLEXITY" missed="1" covered="2"/><counter type="METHOD" missed="0" covered="1"/></method><method name="recordCompilation" desc="()V" line="91"><counter type="INSTRUCTION" missed="8" covered="0"/><counter type="BRANCH" missed="2" covered="0"/><counter type="LINE" missed="1" covered="0"/><counter type="COMPLEXITY" missed="2" covered="0"/><counter type="METHOD" missed="1" covered="0"/></method><method name="recordCompilation" desc="(J)V" line="99"><counter type="INSTRUCTION" missed="1" covered="17"/><counter type="BRANCH" missed="1" covered="1"/><counter type="LINE" missed="0" covered="5"/><counter type="COMPLEXITY" missed="1" covered="1"/><counter type="METHOD" missed="0" covered="1"/></method><method name="recordApply" desc="(I)V" line="111"><counter type="INSTRUCTION" missed="0" covered="10"/><counter type="BRANCH" missed="1" covered="1"/><counter type="LINE" missed="0" covered="2"/><counter type="COMPLEXITY" missed="1" covered="1"/><counter type="METHOD" missed="0" covered="1"/></method><method name="recordConflictResolution" desc="(Ljava/lang/String;)V" line="120"><counter type="INSTRUCTION" missed="17" covered="0"/><counter type="BRANCH" missed="2" covered="0"/><counter type="LINE" missed="6" covered="0"/><counter type="COMPLEXITY" missed="2" covered="0"/><counter type="METHOD" missed="1" covered="0"/></method><method name="recordThemeSwitch" desc="()V" line="128"><counter type="INSTRUCTION" missed="8" covered="0"/><counter type="BRANCH" missed="2" covered="0"/><counter type="LINE" missed="1" covered="0"/><counter type="COMPLEXITY" missed="2" covered="0"/><counter type="METHOD" missed="1" covered="0"/></method><method name="recordAnimationPlay" desc="()V" line="131"><counter type="INSTRUCTION" missed="8" covered="0"/><counter type="BRANCH" missed="2" covered="0"/><counter type="LINE" missed="1" covered="0"/><counter type="COMPLEXITY" missed="2" covered="0"/><counter type="METHOD" missed="1" covered="0"/></method><method name="recordLayoutPass" desc="(J)V" line="143"><counter type="INSTRUCTION" missed="14" covered="0"/><counter type="BRANCH" missed="2" covered="0"/><counter type="LINE" missed="4" covered="0"/><counter type="COMPLEXITY" missed="2" covered="0"/><counter type="METHOD" missed="1" covered="0"/></method><method name="layoutPasses" desc="()J" line="149"><counter type="INSTRUCTION" missed="4" covered="0"/><counter type="LINE" missed="1" covered="0"/><counter type="COMPLEXITY" missed="1" covered="0"/><counter type="METHOD" missed="1" covered="0"/></method><method name="avgLayoutNs" desc="()J" line="156"><counter type="INSTRUCTION" missed="16" covered="0"/><counter type="BRANCH" missed="2" covered="0"/><counter type="LINE" missed="2" covered="0"/><counter type="COMPLEXITY" missed="2" covered="0"/><counter type="METHOD" missed="1" covered="0"/></method><method name="cacheHits" desc="()J" line="165"><counter type="INSTRUCTION" missed="0" covered="4"/><counter type="LINE" missed="0" covered="1"/><counter type="COMPLEXITY" missed="0" covered="1"/><counter type="METHOD" missed="0" covered="1"/></method><method name="cacheMisses" desc="()J" line="168"><counter type="INSTRUCTION" missed="0" covered="4"/><counter type="LINE" missed="0" covered="1"/><counter type="COMPLEXITY" missed="0" covered="1"/><counter type="METHOD" missed="0" covered="1"/></method><method name="compilations" desc="()J" line="171"><counter type="INSTRUCTION" missed="0" covered="4"/><counter type="LINE" missed="0" covered="1"/><counter type="COMPLEXITY" missed="0" covered="1"/><counter type="METHOD" missed="0" covered="1"/></method><method name="applyCalls" desc="()J" line="174"><counter type="INSTRUCTION" missed="4" covered="0"/><counter type="LINE" missed="1" covered="0"/><counter type="COMPLEXITY" missed="1" covered="0"/><counter type="METHOD" missed="1" covered="0"/></method><method name="conflictResolutions" desc="()J" line="177"><counter type="INSTRUCTION" missed="4" covered="0"/><counter type="LINE" missed="1" covered="0"/><counter type="COMPLEXITY" missed="1" covered="0"/><counter type="METHOD" missed="1" covered="0"/></method><method name="themeSwitches" desc="()J" line="180"><counter type="INSTRUCTION" missed="4" covered="0"/><counter type="LINE" missed="1" covered="0"/><counter type="COMPLEXITY" missed="1" covered="0"/><counter type="METHOD" missed="1" covered="0"/></method><method name="animationPlays" desc="()J" line="183"><counter type="INSTRUCTION" missed="4" covered="0"/><counter type="LINE" missed="1" covered="0"/><counter type="COMPLEXITY" missed="1" covered="0"/><counter type="METHOD" missed="1" covered="0"/></method><method name="cacheHitRatio" desc="()D" line="190"><counter type="INSTRUCTION" missed="0" covered="22"/><counter type="BRANCH" missed="0" covered="2"/><counter type="LINE" missed="0" covered="2"/><counter type="COMPLEXITY" missed="0" covered="2"/><counter type="METHOD" missed="0" covered="1"/></method><method name="avgCompileNs" desc="()J" line="199"><counter type="INSTRUCTION" missed="0" covered="16"/><counter type="BRANCH" missed="0" covered="2"/><counter type="LINE" missed="0" covered="2"/><counter type="COMPLEXITY" missed="0" covered="2"/><counter type="METHOD" missed="0" covered="1"/></method><method name="conflictsByCategory" desc="()Ljava/util/Map;" line="209"><counter type="INSTRUCTION" missed="16" covered="0"/><counter type="LINE" missed="5" covered="0"/><counter type="COMPLEXITY" missed="1" covered="0"/><counter type="METHOD" missed="1" covered="0"/></method><method name="uptimeMs" desc="()J" line="217"><counter type="INSTRUCTION" missed="0" covered="5"/><counter type="LINE" missed="0" covered="1"/><counter type="COMPLEXITY" missed="0" covered="1"/><counter type="METHOD" missed="0" covered="1"/></method><method name="setEnabled" desc="(Z)V" line="229"><counter type="INSTRUCTION" missed="0" covered="4"/><counter type="LINE" missed="0" covered="1"/><counter type="COMPLEXITY" missed="0" covered="1"/><counter type="METHOD" missed="0" covered="1"/></method><method name="isEnabled" desc="()Z" line="232"><counter type="INSTRUCTION" missed="0" covered="3"/><counter type="LINE" missed="0" covered="1"/><counter type="COMPLEXITY" missed="0" covered="1"/><counter type="METHOD" missed="0" covered="1"/></method><method name="onAlert" desc="(Ltailwindfx/TailwindFXMetrics$MetricAlert;)Ltailwindfx/TailwindFXMetrics;" line="275"><counter type="INSTRUCTION" missed="0" covered="5"/><counter type="LINE" missed="0" covered="2"/><counter type="COMPLEXITY" missed="0" covered="1"/><counter type="METHOD" missed="0" covered="1"/></method><method name="alertOnLowCacheHitRatio" desc="(D)Ltailwindfx/TailwindFXMetrics;" line="286"><counter type="INSTRUCTION" missed="0" covered="9"/><counter type="LINE" missed="0" covered="2"/><counter type="COMPLEXITY" missed="0" covered="1"/><counter type="METHOD" missed="0" covered="1"/></method><method name="alertOnHighConflictRate" desc="(D)Ltailwindfx/TailwindFXMetrics;" line="297"><counter type="INSTRUCTION" missed="7" covered="0"/><counter type="LINE" missed="2" covered="0"/><counter type="COMPLEXITY" missed="1" covered="0"/><counter type="METHOD" missed="1" covered="0"/></method><method name="alertOnSlowCompile" desc="(D)Ltailwindfx/TailwindFXMetrics;" line="308"><counter type="INSTRUCTION" missed="7" covered="0"/><counter type="LINE" missed="2" covered="0"/><counter type="COMPLEXITY" missed="1" covered="0"/><counter type="METHOD" missed="1" covered="0"/></method><method name="checkAlerts" desc="()V" line="314"><counter type="INSTRUCTION" missed="98" covered="4"/><counter type="BRANCH" missed="21" covered="1"/><counter type="LINE" missed="14" covered="1"/><counter type="COMPLEXITY" missed="11" covered="1"/><counter type="METHOD" missed="0" covered="1"/></method><method name="reset" desc="()V" line="337"><counter type="INSTRUCTION" missed="0" covered="48"/><counter type="LINE" missed="0" covered="13"/><counter type="COMPLEXITY" missed="0" covered="1"/><counter type="METHOD" missed="0" covered="1"/></method><method name="report" desc="()Ljava/lang/String;" line="373"><counter type="INSTRUCTION" missed="51" covered="234"/><counter type="BRANCH" missed="2" covered="6"/><counter type="LINE" missed="8" covered="27"/><counter type="COMPLEXITY" missed="2" covered="3"/><counter type="METHOD" missed="0" covered="1"/></method><method name="print" desc="()V" line="418"><counter type="INSTRUCTION" missed="0" covered="5"/><counter type="LINE" missed="0" covered="1"/><counter type="COMPLEXITY" missed="0" covered="1"/><counter type="METHOD" missed="0" covered="1"/></method><method name="toString" desc="()Ljava/lang/String;" line="421"><counter type="INSTRUCTION" missed="3" covered="0"/><counter type="LINE" missed="1" covered="0"/><counter type="COMPLEXITY" missed="1" covered="0"/><counter type="METHOD" missed="1" covered="0"/></method><method name="checkHealth" desc="()Ljava/util/List;" line="460"><counter type="INSTRUCTION" missed="200" covered="0"/><counter type="BRANCH" missed="24" covered="0"/><counter type="LINE" missed="21" covered="0"/><counter type="COMPLEXITY" missed="13" covered="0"/><counter type="METHOD" missed="1" covered="0"/></method><method name="printHealth" desc="()V" line="511"><counter type="INSTRUCTION" missed="37" covered="0"/><counter type="BRANCH" missed="4" covered="0"/><counter type="LINE" missed="9" covered="0"/><counter type="COMPLEXITY" missed="3" covered="0"/><counter type="METHOD" missed="1" covered="0"/></method><method name="lambda$report$3" desc="(Ljava/lang/StringBuilder;Ljava/util/Map$Entry;)V" line="402"><counter type="INSTRUCTION" missed="14" covered="0"/><counter type="LINE" missed="1" covered="0"/><counter type="COMPLEXITY" missed="1" covered="0"/><counter type="METHOD" missed="1" covered="0"/></method><method name="lambda$conflictsByCategory$2" desc="(Ljava/util/Map;Ljava/util/Map$Entry;)V" line="212"><counter type="INSTRUCTION" missed="12" covered="0"/><counter type="LINE" missed="1" covered="0"/><counter type="COMPLEXITY" missed="1" covered="0"/><counter type="METHOD" missed="1" covered="0"/></method><method name="lambda$conflictsByCategory$1" desc="(Ljava/util/Map$Entry;Ljava/util/Map$Entry;)I" line="211"><counter type="INSTRUCTION" missed="10" covered="0"/><counter type="LINE" missed="1" covered="0"/><counter type="COMPLEXITY" missed="1" covered="0"/><counter type="METHOD" missed="1" covered="0"/></method><method name="lambda$recordConflictResolution$0" desc="(Ljava/lang/String;)Ljava/util/concurrent/atomic/AtomicLong;" line="123"><counter type="INSTRUCTION" missed="4" covered="0"/><counter type="LINE" missed="1" covered="0"/><counter type="COMPLEXITY" missed="1" covered="0"/><counter type="METHOD" missed="1" covered="0"/></method><method name="&lt;clinit&gt;" desc="()V" line="37"><counter type="INSTRUCTION" missed="0" covered="5"/><counter type="LINE" missed="0" covered="1"/><counter type="COMPLEXITY" missed="0" covered="1"/><counter type="METHOD" missed="0" covered="1"/></method><counter type="INSTRUCTION" missed="552" covered="508"/><counter type="BRANCH" missed="67" covered="17"/><counter type="LINE" missed="82" covered="89"/><counter type="COMPLEXITY" missed="58" covered="26"/><counter type="METHOD" missed="21" covered="21"/><counter type="CLASS" missed="0" covered="1"/></class><class name="tailwindfx/ComponentFactory$GlassBuilder" sourcefilename="ComponentFactory.java"><method name="&lt;init&gt;" desc="()V" line="376"><counter type="INSTRUCTION" missed="0" covered="21"/><counter type="LINE" missed="0" covered="7"/><counter type="COMPLEXITY" missed="0" covered="1"/><counter type="METHOD" missed="0" covered="1"/></method><method name="blur" desc="(D)Ltailwindfx/ComponentFactory$GlassBuilder;" line="384"><counter type="INSTRUCTION" missed="0" covered="5"/><counter type="LINE" missed="0" covered="1"/><counter type="COMPLEXITY" missed="0" covered="1"/><counter type="METHOD" missed="0" covered="1"/></method><method name="opacity" desc="(D)Ltailwindfx/ComponentFactory$GlassBuilder;" line="385"><counter type="INSTRUCTION" missed="0" covered="5"/><counter type="LINE" missed="0" covered="1"/><counter type="COMPLEXITY" missed="0" covered="1"/><counter type="METHOD" missed="0" covered="1"/></method><method name="border" desc="(Z)Ltailwindfx/ComponentFactory$GlassBuilder;" line="386"><counter type="INSTRUCTION" missed="0" covered="5"/><counter type="LINE" missed="0" covered="1"/><counter type="COMPLEXITY" missed="0" covered="1"/><counter type="METHOD" missed="0" covered="1"/></method><method name="borderColor" desc="(Ljava/lang/String;)Ltailwindfx/ComponentFactory$GlassBuilder;" line="387"><counter type="INSTRUCTION" missed="0" covered="5"/><counter type="LINE" missed="0" covered="1"/><counter type="COMPLEXITY" missed="0" covered="1"/><counter type="METHOD" missed="0" covered="1"/></method><method name="padding" desc="(D)Ltailwindfx/ComponentFactory$GlassBuilder;" line="388"><counter type="INSTRUCTION" missed="0" covered="5"/><counter type="LINE" missed="0" covered="1"/><counter type="COMPLEXITY" missed="0" covered="1"/><counter type="METHOD" missed="0" covered="1"/></method><method name="radius" desc="(D)Ltailwindfx/ComponentFactory$GlassBuilder;" line="389"><counter type="INSTRUCTION" missed="0" covered="5"/><counter type="LINE" missed="0" covered="1"/><counter type="COMPLEXITY" missed="0" covered="1"/><counter type="METHOD" missed="0" covered="1"/></method><method name="build" desc="()Ljavafx/scene/layout/VBox;" line="392"><counter type="INSTRUCTION" missed="42" covered="0"/><counter type="BRANCH" missed="2" covered="0"/><counter type="LINE" missed="9" covered="0"/><counter type="COMPLEXITY" missed="2" covered="0"/><counter type="METHOD" missed="1" covered="0"/></method><counter type="INSTRUCTION" missed="42" covered="51"/><counter type="BRANCH" missed="2" covered="0"/><counter type="LINE" missed="9" covered="13"/><counter type="COMPLEXITY" missed="2" covered="7"/><counter type="METHOD" missed="1" covered="7"/><counter type="CLASS" missed="0" covered="1"/></class><class name="tailwindfx/TailwindFX" sourcefilename="TailwindFX.java"><method name="install" desc="(Ljavafx/scene/Scene;)V" line="53"><counter type="INSTRUCTION" missed="0" covered="19"/><counter type="BRANCH" missed="1" covered="1"/><counter type="LINE" missed="0" covered="6"/><counter type="COMPLEXITY" missed="1" covered="1"/><counter type="METHOD" missed="0" covered="1"/></method><method name="installBase" desc="(Ljavafx/scene/Scene;)V" line="67"><counter type="INSTRUCTION" missed="4" covered="0"/><counter type="LINE" missed="2" covered="0"/><counter type="COMPLEXITY" missed="1" covered="0"/><counter type="METHOD" missed="1" covered="0"/></method><method name="installComponents" desc="(Ljavafx/scene/Scene;)V" line="74"><counter type="INSTRUCTION" missed="4" covered="0"/><counter type="LINE" missed="2" covered="0"/><counter type="COMPLEXITY" missed="1" covered="0"/><counter type="METHOD" missed="1" covered="0"/></method><method name="installUtilities" desc="(Ljavafx/scene/Scene;)V" line="81"><counter type="INSTRUCTION" missed="4" covered="0"/><counter type="LINE" missed="2" covered="0"/><counter type="COMPLEXITY" missed="1" covered="0"/><counter type="METHOD" missed="1" covered="0"/></method><method name="installColors" desc="(Ljavafx/scene/Scene;)V" line="88"><counter type="INSTRUCTION" missed="4" covered="0"/><counter type="LINE" missed="2" covered="0"/><counter type="COMPLEXITY" missed="1" covered="0"/><counter type="METHOD" missed="1" covered="0"/></method><method name="installEffects" desc="(Ljavafx/scene/Scene;)V" line="95"><counter type="INSTRUCTION" missed="4" covered="0"/><counter type="LINE" missed="2" covered="0"/><counter type="COMPLEXITY" missed="1" covered="0"/><counter type="METHOD" missed="1" covered="0"/></method><method name="installComponentsPreset" desc="(Ljavafx/scene/Scene;)V" line="102"><counter type="INSTRUCTION" missed="4" covered="0"/><counter type="LINE" missed="2" covered="0"/><counter type="COMPLEXITY" missed="1" covered="0"/><counter type="METHOD" missed="1" covered="0"/></method><method name="installDark" desc="(Ljavafx/scene/Scene;)V" line="109"><counter type="INSTRUCTION" missed="4" covered="0"/><counter type="LINE" missed="2" covered="0"/><counter type="COMPLEXITY" missed="1" covered="0"/><counter type="METHOD" missed="1" covered="0"/></method><method name="installEssentials" desc="(Ljavafx/scene/Scene;)V" line="117"><counter type="INSTRUCTION" missed="7" covered="0"/><counter type="LINE" missed="4" covered="0"/><counter type="COMPLEXITY" missed="1" covered="0"/><counter type="METHOD" missed="1" covered="0"/></method><method name="installAll" desc="(Ljavafx/scene/Scene;)V" line="127"><counter type="INSTRUCTION" missed="15" covered="0"/><counter type="LINE" missed="8" covered="0"/><counter type="COMPLEXITY" missed="1" covered="0"/><counter type="METHOD" missed="1" covered="0"/></method><method name="installAll" desc="(Ljavafx/scene/Scene;Ljavafx/stage/Stage;)V" line="137"><counter type="INSTRUCTION" missed="18" covered="0"/><counter type="LINE" missed="9" covered="0"/><counter type="COMPLEXITY" missed="1" covered="0"/><counter type="METHOD" missed="1" covered="0"/></method><method name="installCss" desc="(Ljavafx/scene/Scene;Ljava/lang/String;)V" line="148"><counter type="INSTRUCTION" missed="20" covered="0"/><counter type="BRANCH" missed="2" covered="0"/><counter type="LINE" missed="6" covered="0"/><counter type="COMPLEXITY" missed="2" covered="0"/><counter type="METHOD" missed="1" covered="0"/></method><method name="install" desc="(Ljavafx/scene/Scene;Ljavafx/stage/Stage;)V" line="158"><counter type="INSTRUCTION" missed="6" covered="0"/><counter type="LINE" missed="3" covered="0"/><counter type="COMPLEXITY" missed="1" covered="0"/><counter type="METHOD" missed="1" covered="0"/></method><method name="apply" desc="(Ljavafx/scene/Node;[Ljava/lang/String;)V" line="208"><counter type="INSTRUCTION" missed="5" covered="15"/><counter type="BRANCH" missed="3" covered="3"/><counter type="LINE" missed="1" covered="5"/><counter type="COMPLEXITY" missed="3" covered="1"/><counter type="METHOD" missed="0" covered="1"/></method><method name="applyInternal" desc="(Ljavafx/scene/Node;[Ljava/lang/String;)V" line="223"><counter type="INSTRUCTION" missed="2" covered="87"/><counter type="BRANCH" missed="3" covered="13"/><counter type="LINE" missed="0" covered="15"/><counter type="COMPLEXITY" missed="3" covered="6"/><counter type="METHOD" missed="0" covered="1"/></method><method name="isJitToken" desc="(Ljava/lang/String;)Z" line="260"><counter type="INSTRUCTION" missed="6" covered="33"/><counter type="BRANCH" missed="5" covered="7"/><counter type="LINE" missed="0" covered="5"/><counter type="COMPLEXITY" missed="5" covered="2"/><counter type="METHOD" missed="0" covered="1"/></method><method name="applyDiff" desc="(Ljavafx/scene/Node;[Ljava/lang/String;)Z" line="291"><counter type="INSTRUCTION" missed="4" covered="0"/><counter type="LINE" missed="1" covered="0"/><counter type="COMPLEXITY" missed="1" covered="0"/><counter type="METHOD" missed="1" covered="0"/></method><method name="applyRaw" desc="(Ljavafx/scene/Node;[Ljava/lang/String;)V" line="307"><counter type="INSTRUCTION" missed="54" covered="0"/><counter type="BRANCH" missed="12" covered="0"/><counter type="LINE" missed="6" covered="0"/><counter type="COMPLEXITY" missed="7" covered="0"/><counter type="METHOD" missed="1" covered="0"/></method><method name="remove" desc="(Ljavafx/scene/Node;[Ljava/lang/String;)V" line="318"><counter type="INSTRUCTION" missed="7" covered="0"/><counter type="LINE" missed="2" covered="0"/><counter type="COMPLEXITY" missed="1" covered="0"/><counter type="METHOD" missed="1" covered="0"/></method><method name="replace" desc="(Ljavafx/scene/Node;[Ljava/lang/String;)V" line="322"><counter type="INSTRUCTION" missed="7" covered="0"/><counter type="LINE" missed="2" covered="0"/><counter type="COMPLEXITY" missed="1" covered="0"/><counter type="METHOD" missed="1" covered="0"/></method><method name="toggle" desc="(Ljavafx/scene/Node;Ljava/lang/String;)V" line="326"><counter type="INSTRUCTION" missed="17" covered="0"/><counter type="BRANCH" missed="2" covered="0"/><counter type="LINE" missed="4" covered="0"/><counter type="COMPLEXITY" missed="2" covered="0"/><counter type="METHOD" missed="1" covered="0"/></method><method name="scope" desc="(Ljavafx/scene/layout/Pane;)Ltailwindfx/ThemeScopeManager$ScopeBuilder;" line="346"><counter type="INSTRUCTION" missed="3" covered="0"/><counter type="LINE" missed="1" covered="0"/><counter type="COMPLEXITY" missed="1" covered="0"/><counter type="METHOD" missed="1" covered="0"/></method><method name="clearScope" desc="(Ljavafx/scene/layout/Pane;)V" line="350"><counter type="INSTRUCTION" missed="3" covered="0"/><counter type="LINE" missed="2" covered="0"/><counter type="COMPLEXITY" missed="1" covered="0"/><counter type="METHOD" missed="1" covered="0"/></method><method name="inheritScope" desc="(Ljavafx/scene/Node;Ljavafx/scene/layout/Pane;)V" line="362"><counter type="INSTRUCTION" missed="4" covered="0"/><counter type="LINE" missed="2" covered="0"/><counter type="COMPLEXITY" missed="1" covered="0"/><counter type="METHOD" missed="1" covered="0"/></method><method name="refreshScope" desc="(Ljavafx/scene/layout/Pane;)V" line="372"><counter type="INSTRUCTION" missed="3" covered="0"/><counter type="LINE" missed="2" covered="0"/><counter type="COMPLEXITY" missed="1" covered="0"/><counter type="METHOD" missed="1" covered="0"/></method><method name="findClosestScope" desc="(Ljavafx/scene/Node;)Ljavafx/scene/layout/Pane;" line="382"><counter type="INSTRUCTION" missed="3" covered="0"/><counter type="LINE" missed="1" covered="0"/><counter type="COMPLEXITY" missed="1" covered="0"/><counter type="METHOD" missed="1" covered="0"/></method><method name="fadeIn" desc="(Ljavafx/scene/Node;)Ltailwindfx/FxAnimation;" line="399"><counter type="INSTRUCTION" missed="3" covered="0"/><counter type="LINE" missed="1" covered="0"/><counter type="COMPLEXITY" missed="1" covered="0"/><counter type="METHOD" missed="1" covered="0"/></method><method name="fadeIn" desc="(Ljavafx/scene/Node;I)Ltailwindfx/FxAnimation;" line="400"><counter type="INSTRUCTION" missed="4" covered="0"/><counter type="LINE" missed="1" covered="0"/><counter type="COMPLEXITY" missed="1" covered="0"/><counter type="METHOD" missed="1" covered="0"/></method><method name="fadeOut" desc="(Ljavafx/scene/Node;)Ltailwindfx/FxAnimation;" line="401"><counter type="INSTRUCTION" missed="3" covered="0"/><counter type="LINE" missed="1" covered="0"/><counter type="COMPLEXITY" missed="1" covered="0"/><counter type="METHOD" missed="1" covered="0"/></method><method name="fadeOut" desc="(Ljavafx/scene/Node;I)Ltailwindfx/FxAnimation;" line="402"><counter type="INSTRUCTION" missed="4" covered="0"/><counter type="LINE" missed="1" covered="0"/><counter type="COMPLEXITY" missed="1" covered="0"/><counter type="METHOD" missed="1" covered="0"/></method><method name="slideUp" desc="(Ljavafx/scene/Node;)Ltailwindfx/FxAnimation;" line="403"><counter type="INSTRUCTION" missed="3" covered="0"/><counter type="LINE" missed="1" covered="0"/><counter type="COMPLEXITY" missed="1" covered="0"/><counter type="METHOD" missed="1" covered="0"/></method><method name="slideDown" desc="(Ljavafx/scene/Node;)Ltailwindfx/FxAnimation;" line="404"><counter type="INSTRUCTION" missed="3" covered="0"/><counter type="LINE" missed="1" covered="0"/><counter type="COMPLEXITY" missed="1" covered="0"/><counter type="METHOD" missed="1" covered="0"/></method><method name="slideLeft" desc="(Ljavafx/scene/Node;)Ltailwindfx/FxAnimation;" line="405"><counter type="INSTRUCTION" missed="3" covered="0"/><counter type="LINE" missed="1" covered="0"/><counter type="COMPLEXITY" missed="1" covered="0"/><counter type="METHOD" missed="1" covered="0"/></method><method name="slideRight" desc="(Ljavafx/scene/Node;)Ltailwindfx/FxAnimation;" line="406"><counter type="INSTRUCTION" missed="3" covered="0"/><counter type="LINE" missed="1" covered="0"/><counter type="COMPLEXITY" missed="1" covered="0"/><counter type="METHOD" missed="1" covered="0"/></method><method name="scaleIn" desc="(Ljavafx/scene/Node;)Ltailwindfx/FxAnimation;" line="407"><counter type="INSTRUCTION" missed="3" covered="0"/><counter type="LINE" missed="1" covered="0"/><counter type="COMPLEXITY" missed="1" covered="0"/><counter type="METHOD" missed="1" covered="0"/></method><method name="scaleOut" desc="(Ljavafx/scene/Node;)Ltailwindfx/FxAnimation;" line="408"><counter type="INSTRUCTION" missed="3" covered="0"/><counter type="LINE" missed="1" covered="0"/><counter type="COMPLEXITY" missed="1" covered="0"/><counter type="METHOD" missed="1" covered="0"/></method><method name="pulse" desc="(Ljavafx/scene/Node;)Ltailwindfx/FxAnimation;" line="409"><counter type="INSTRUCTION" missed="3" covered="0"/><counter type="LINE" missed="1" covered="0"/><counter type="COMPLEXITY" missed="1" covered="0"/><counter type="METHOD" missed="1" covered="0"/></method><method name="shake" desc="(Ljavafx/scene/Node;)Ltailwindfx/FxAnimation;" line="410"><counter type="INSTRUCTION" missed="3" covered="0"/><counter type="LINE" missed="1" covered="0"/><counter type="COMPLEXITY" missed="1" covered="0"/><counter type="METHOD" missed="1" covered="0"/></method><method name="bounce" desc="(Ljavafx/scene/Node;)Ltailwindfx/FxAnimation;" line="411"><counter type="INSTRUCTION" missed="3" covered="0"/><counter type="LINE" missed="1" covered="0"/><counter type="COMPLEXITY" missed="1" covered="0"/><counter type="METHOD" missed="1" covered="0"/></method><method name="flash" desc="(Ljavafx/scene/Node;)Ltailwindfx/FxAnimation;" line="412"><counter type="INSTRUCTION" missed="3" covered="0"/><counter type="LINE" missed="1" covered="0"/><counter type="COMPLEXITY" missed="1" covered="0"/><counter type="METHOD" missed="1" covered="0"/></method><method name="spin" desc="(Ljavafx/scene/Node;)Ltailwindfx/FxAnimation;" line="413"><counter type="INSTRUCTION" missed="3" covered="0"/><counter type="LINE" missed="1" covered="0"/><counter type="COMPLEXITY" missed="1" covered="0"/><counter type="METHOD" missed="1" covered="0"/></method><method name="breathe" desc="(Ljavafx/scene/Node;)Ltailwindfx/FxAnimation;" line="414"><counter type="INSTRUCTION" missed="3" covered="0"/><counter type="LINE" missed="1" covered="0"/><counter type="COMPLEXITY" missed="1" covered="0"/><counter type="METHOD" missed="1" covered="0"/></method><method name="onHoverScale" desc="(Ljavafx/scene/Node;D)V" line="415"><counter type="INSTRUCTION" missed="4" covered="0"/><counter type="LINE" missed="1" covered="0"/><counter type="COMPLEXITY" missed="1" covered="0"/><counter type="METHOD" missed="1" covered="0"/></method><method name="onHoverLift" desc="(Ljavafx/scene/Node;)V" line="416"><counter type="INSTRUCTION" missed="3" covered="0"/><counter type="LINE" missed="1" covered="0"/><counter type="COMPLEXITY" missed="1" covered="0"/><counter type="METHOD" missed="1" covered="0"/></method><method name="onHoverDim" desc="(Ljavafx/scene/Node;D)V" line="417"><counter type="INSTRUCTION" missed="4" covered="0"/><counter type="LINE" missed="1" covered="0"/><counter type="COMPLEXITY" missed="1" covered="0"/><counter type="METHOD" missed="1" covered="0"/></method><method name="removeHoverEffects" desc="(Ljavafx/scene/Node;)V" line="422"><counter type="INSTRUCTION" missed="3" covered="0"/><counter type="LINE" missed="1" covered="0"/><counter type="COMPLEXITY" missed="1" covered="0"/><counter type="METHOD" missed="1" covered="0"/></method><method name="cancelAnimations" desc="(Ljavafx/scene/Node;)V" line="426"><counter type="INSTRUCTION" missed="3" covered="0"/><counter type="LINE" missed="2" covered="0"/><counter type="COMPLEXITY" missed="1" covered="0"/><counter type="METHOD" missed="1" covered="0"/></method><method name="resetNode" desc="(Ljavafx/scene/Node;)V" line="434"><counter type="INSTRUCTION" missed="3" covered="0"/><counter type="LINE" missed="2" covered="0"/><counter type="COMPLEXITY" missed="1" covered="0"/><counter type="METHOD" missed="1" covered="0"/></method><method name="installAnimationGuard" desc="(Ltailwindfx/BreakpointManager;Ljavafx/scene/Scene;)V" line="449"><counter type="INSTRUCTION" missed="40" covered="0"/><counter type="BRANCH" missed="2" covered="0"/><counter type="LINE" missed="3" covered="0"/><counter type="COMPLEXITY" missed="2" covered="0"/><counter type="METHOD" missed="1" covered="0"/></method><method name="jitDebug" desc="(Z)V" line="472"><counter type="INSTRUCTION" missed="3" covered="0"/><counter type="LINE" missed="2" covered="0"/><counter type="COMPLEXITY" missed="1" covered="0"/><counter type="METHOD" missed="1" covered="0"/></method><method name="compileAll" desc="([Ljava/lang/String;)Ljava/lang/String;" line="483"><counter type="INSTRUCTION" missed="4" covered="0"/><counter type="LINE" missed="1" covered="0"/><counter type="COMPLEXITY" missed="1" covered="0"/><counter type="METHOD" missed="1" covered="0"/></method><method name="layout" desc="(Ljavafx/scene/layout/Pane;)Ltailwindfx/FxLayout;" line="491"><counter type="INSTRUCTION" missed="5" covered="0"/><counter type="LINE" missed="1" covered="0"/><counter type="COMPLEXITY" missed="1" covered="0"/><counter type="METHOD" missed="1" covered="0"/></method><method name="responsive" desc="(Ljavafx/stage/Stage;)Ltailwindfx/BreakpointManager;" line="499"><counter type="INSTRUCTION" missed="3" covered="0"/><counter type="LINE" missed="1" covered="0"/><counter type="COMPLEXITY" missed="1" covered="0"/><counter type="METHOD" missed="1" covered="0"/></method><method name="theme" desc="(Ljavafx/scene/Scene;)Ltailwindfx/ThemeManager;" line="507"><counter type="INSTRUCTION" missed="3" covered="0"/><counter type="LINE" missed="1" covered="0"/><counter type="COMPLEXITY" missed="1" covered="0"/><counter type="METHOD" missed="1" covered="0"/></method><method name="colSpan" desc="(Ljavafx/scene/Node;I)Ljavafx/scene/Node;" line="521"><counter type="INSTRUCTION" missed="4" covered="0"/><counter type="LINE" missed="1" covered="0"/><counter type="COMPLEXITY" missed="1" covered="0"/><counter type="METHOD" missed="1" covered="0"/></method><method name="colSpanFull" desc="(Ljavafx/scene/Node;)Ljavafx/scene/Node;" line="522"><counter type="INSTRUCTION" missed="3" covered="0"/><counter type="LINE" missed="1" covered="0"/><counter type="COMPLEXITY" missed="1" covered="0"/><counter type="METHOD" missed="1" covered="0"/></method><method name="rowSpan" desc="(Ljavafx/scene/Node;I)Ljavafx/scene/Node;" line="523"><counter type="INSTRUCTION" missed="4" covered="0"/><counter type="LINE" missed="1" covered="0"/><counter type="COMPLEXITY" missed="1" covered="0"/><counter type="METHOD" missed="1" covered="0"/></method><method name="rowSpanFull" desc="(Ljavafx/scene/Node;)Ljavafx/scene/Node;" line="524"><counter type="INSTRUCTION" missed="3" covered="0"/><counter type="LINE" missed="1" covered="0"/><counter type="COMPLEXITY" missed="1" covered="0"/><counter type="METHOD" missed="1" covered="0"/></method><method name="gridCell" desc="(Ljavafx/scene/Node;II)Ljavafx/scene/Node;" line="525"><counter type="INSTRUCTION" missed="5" covered="0"/><counter type="LINE" missed="1" covered="0"/><counter type="COMPLEXITY" missed="1" covered="0"/><counter type="METHOD" missed="1" covered="0"/></method><method name="flex1" desc="(Ljavafx/scene/Node;)Ljavafx/scene/Node;" line="532"><counter type="INSTRUCTION" missed="3" covered="0"/><counter type="LINE" missed="1" covered="0"/><counter type="COMPLEXITY" missed="1" covered="0"/><counter type="METHOD" missed="1" covered="0"/></method><method name="grow" desc="(Ljavafx/scene/Node;)Ljavafx/scene/Node;" line="533"><counter type="INSTRUCTION" missed="3" covered="0"/><counter type="LINE" missed="1" covered="0"/><counter type="COMPLEXITY" missed="1" covered="0"/><counter type="METHOD" missed="1" covered="0"/></method><method name="growNone" desc="(Ljavafx/scene/Node;)Ljavafx/scene/Node;" line="534"><counter type="INSTRUCTION" missed="3" covered="0"/><counter type="LINE" missed="1" covered="0"/><counter type="COMPLEXITY" missed="1" covered="0"/><counter type="METHOD" missed="1" covered="0"/></method><method name="vgrow" desc="(Ljavafx/scene/Node;)Ljavafx/scene/Node;" line="535"><counter type="INSTRUCTION" missed="3" covered="0"/><counter type="LINE" missed="1" covered="0"/><counter type="COMPLEXITY" missed="1" covered="0"/><counter type="METHOD" missed="1" covered="0"/></method><method name="hboxFillWidth" desc="(Ljavafx/scene/Node;)Ljavafx/scene/Node;" line="536"><counter type="INSTRUCTION" missed="3" covered="0"/><counter type="LINE" missed="1" covered="0"/><counter type="COMPLEXITY" missed="1" covered="0"/><counter type="METHOD" missed="1" covered="0"/></method><method name="vboxFillHeight" desc="(Ljavafx/scene/Node;)Ljavafx/scene/Node;" line="537"><counter type="INSTRUCTION" missed="3" covered="0"/><counter type="LINE" missed="1" covered="0"/><counter type="COMPLEXITY" missed="1" covered="0"/><counter type="METHOD" missed="1" covered="0"/></method><method name="m" desc="(Ljavafx/scene/Node;I)Ljavafx/scene/Node;" line="544"><counter type="INSTRUCTION" missed="4" covered="0"/><counter type="LINE" missed="1" covered="0"/><counter type="COMPLEXITY" missed="1" covered="0"/><counter type="METHOD" missed="1" covered="0"/></method><method name="mx" desc="(Ljavafx/scene/Node;I)Ljavafx/scene/Node;" line="545"><counter type="INSTRUCTION" missed="4" covered="0"/><counter type="LINE" missed="1" covered="0"/><counter type="COMPLEXITY" missed="1" covered="0"/><counter type="METHOD" missed="1" covered="0"/></method><method name="my" desc="(Ljavafx/scene/Node;I)Ljavafx/scene/Node;" line="546"><counter type="INSTRUCTION" missed="4" covered="0"/><counter type="LINE" missed="1" covered="0"/><counter type="COMPLEXITY" missed="1" covered="0"/><counter type="METHOD" missed="1" covered="0"/></method><method name="mt" desc="(Ljavafx/scene/Node;I)Ljavafx/scene/Node;" line="547"><counter type="INSTRUCTION" missed="4" covered="0"/><counter type="LINE" missed="1" covered="0"/><counter type="COMPLEXITY" missed="1" covered="0"/><counter type="METHOD" missed="1" covered="0"/></method><method name="mr" desc="(Ljavafx/scene/Node;I)Ljavafx/scene/Node;" line="548"><counter type="INSTRUCTION" missed="4" covered="0"/><counter type="LINE" missed="1" covered="0"/><counter type="COMPLEXITY" missed="1" covered="0"/><counter type="METHOD" missed="1" covered="0"/></method><method name="mb" desc="(Ljavafx/scene/Node;I)Ljavafx/scene/Node;" line="549"><counter type="INSTRUCTION" missed="4" covered="0"/><counter type="LINE" missed="1" covered="0"/><counter type="COMPLEXITY" missed="1" covered="0"/><counter type="METHOD" missed="1" covered="0"/></method><method name="ml" desc="(Ljavafx/scene/Node;I)Ljavafx/scene/Node;" line="550"><counter type="INSTRUCTION" missed="4" covered="0"/><counter type="LINE" missed="1" covered="0"/><counter type="COMPLEXITY" missed="1" covered="0"/><counter type="METHOD" missed="1" covered="0"/></method><method name="mxAuto" desc="(Ljavafx/scene/Node;)Ljavafx/scene/Node;" line="551"><counter type="INSTRUCTION" missed="3" covered="0"/><counter type="LINE" missed="1" covered="0"/><counter type="COMPLEXITY" missed="1" covered="0"/><counter type="METHOD" missed="1" covered="0"/></method><method name="margin" desc="(Ljavafx/scene/Node;DDDD)Ljavafx/scene/Node;" line="552"><counter type="INSTRUCTION" missed="7" covered="0"/><counter type="LINE" missed="1" covered="0"/><counter type="COMPLEXITY" missed="1" covered="0"/><counter type="METHOD" missed="1" covered="0"/></method><method name="z" desc="(Ljavafx/scene/Node;I)Ljavafx/scene/Node;" line="559"><counter type="INSTRUCTION" missed="4" covered="0"/><counter type="LINE" missed="1" covered="0"/><counter type="COMPLEXITY" missed="1" covered="0"/><counter type="METHOD" missed="1" covered="0"/></method><method name="z50" desc="(Ljavafx/scene/Node;)Ljavafx/scene/Node;" line="560"><counter type="INSTRUCTION" missed="3" covered="0"/><counter type="LINE" missed="1" covered="0"/><counter type="COMPLEXITY" missed="1" covered="0"/><counter type="METHOD" missed="1" covered="0"/></method><method name="orderFirst" desc="(Ljavafx/scene/Node;)Ljavafx/scene/Node;" line="561"><counter type="INSTRUCTION" missed="3" covered="0"/><counter type="LINE" missed="1" covered="0"/><counter type="COMPLEXITY" missed="1" covered="0"/><counter type="METHOD" missed="1" covered="0"/></method><method name="orderLast" desc="(Ljavafx/scene/Node;)Ljavafx/scene/Node;" line="562"><counter type="INSTRUCTION" missed="3" covered="0"/><counter type="LINE" missed="1" covered="0"/><counter type="COMPLEXITY" missed="1" covered="0"/><counter type="METHOD" missed="1" covered="0"/></method><method name="selfStart" desc="(Ljavafx/scene/Node;)Ljavafx/scene/Node;" line="569"><counter type="INSTRUCTION" missed="3" covered="0"/><counter type="LINE" missed="1" covered="0"/><counter type="COMPLEXITY" missed="1" covered="0"/><counter type="METHOD" missed="1" covered="0"/></method><method name="selfCenter" desc="(Ljavafx/scene/Node;)Ljavafx/scene/Node;" line="570"><counter type="INSTRUCTION" missed="3" covered="0"/><counter type="LINE" missed="1" covered="0"/><counter type="COMPLEXITY" missed="1" covered="0"/><counter type="METHOD" missed="1" covered="0"/></method><method name="selfEnd" desc="(Ljavafx/scene/Node;)Ljavafx/scene/Node;" line="571"><counter type="INSTRUCTION" missed="3" covered="0"/><counter type="LINE" missed="1" covered="0"/><counter type="COMPLEXITY" missed="1" covered="0"/><counter type="METHOD" missed="1" covered="0"/></method><method name="justifySelfStart" desc="(Ljavafx/scene/Node;)Ljavafx/scene/Node;" line="572"><counter type="INSTRUCTION" missed="3" covered="0"/><counter type="LINE" missed="1" covered="0"/><counter type="COMPLEXITY" missed="1" covered="0"/><counter type="METHOD" missed="1" covered="0"/></method><method name="justifySelfCenter" desc="(Ljavafx/scene/Node;)Ljavafx/scene/Node;" line="573"><counter type="INSTRUCTION" missed="3" covered="0"/><counter type="LINE" missed="1" covered="0"/><counter type="COMPLEXITY" missed="1" covered="0"/><counter type="METHOD" missed="1" covered="0"/></method><method name="justifySelfEnd" desc="(Ljavafx/scene/Node;)Ljavafx/scene/Node;" line="574"><counter type="INSTRUCTION" missed="3" covered="0"/><counter type="LINE" missed="1" covered="0"/><counter type="COMPLEXITY" missed="1" covered="0"/><counter type="METHOD" missed="1" covered="0"/></method><method name="grayscale" desc="(Ljavafx/scene/Node;)Ljavafx/scene/Node;" line="582"><counter type="INSTRUCTION" missed="3" covered="0"/><counter type="LINE" missed="1" covered="0"/><counter type="COMPLEXITY" missed="1" covered="0"/><counter type="METHOD" missed="1" covered="0"/></method><method name="brightness" desc="(Ljavafx/scene/Node;D)Ljavafx/scene/Node;" line="583"><counter type="INSTRUCTION" missed="4" covered="0"/><counter type="LINE" missed="1" covered="0"/><counter type="COMPLEXITY" missed="1" covered="0"/><counter type="METHOD" missed="1" covered="0"/></method><method name="contrast" desc="(Ljavafx/scene/Node;D)Ljavafx/scene/Node;" line="584"><counter type="INSTRUCTION" missed="4" covered="0"/><counter type="LINE" missed="1" covered="0"/><counter type="COMPLEXITY" missed="1" covered="0"/><counter type="METHOD" missed="1" covered="0"/></method><method name="saturate" desc="(Ljavafx/scene/Node;D)Ljavafx/scene/Node;" line="585"><counter type="INSTRUCTION" missed="4" covered="0"/><counter type="LINE" missed="1" covered="0"/><counter type="COMPLEXITY" missed="1" covered="0"/><counter type="METHOD" missed="1" covered="0"/></method><method name="hueRotate" desc="(Ljavafx/scene/Node;D)Ljavafx/scene/Node;" line="586"><counter type="INSTRUCTION" missed="4" covered="0"/><counter type="LINE" missed="1" covered="0"/><counter type="COMPLEXITY" missed="1" covered="0"/><counter type="METHOD" missed="1" covered="0"/></method><method name="invert" desc="(Ljavafx/scene/Node;)Ljavafx/scene/Node;" line="587"><counter type="INSTRUCTION" missed="3" covered="0"/><counter type="LINE" missed="1" covered="0"/><counter type="COMPLEXITY" missed="1" covered="0"/><counter type="METHOD" missed="1" covered="0"/></method><method name="sepia" desc="(Ljavafx/scene/Node;)Ljavafx/scene/Node;" line="588"><counter type="INSTRUCTION" missed="3" covered="0"/><counter type="LINE" missed="1" covered="0"/><counter type="COMPLEXITY" missed="1" covered="0"/><counter type="METHOD" missed="1" covered="0"/></method><method name="filterNone" desc="(Ljavafx/scene/Node;)Ljavafx/scene/Node;" line="589"><counter type="INSTRUCTION" missed="3" covered="0"/><counter type="LINE" missed="1" covered="0"/><counter type="COMPLEXITY" missed="1" covered="0"/><counter type="METHOD" missed="1" covered="0"/></method><method name="skewX" desc="(Ljavafx/scene/Node;D)Ljavafx/scene/Node;" line="596"><counter type="INSTRUCTION" missed="4" covered="0"/><counter type="LINE" missed="1" covered="0"/><counter type="COMPLEXITY" missed="1" covered="0"/><counter type="METHOD" missed="1" covered="0"/></method><method name="skewY" desc="(Ljavafx/scene/Node;D)Ljavafx/scene/Node;" line="597"><counter type="INSTRUCTION" missed="4" covered="0"/><counter type="LINE" missed="1" covered="0"/><counter type="COMPLEXITY" missed="1" covered="0"/><counter type="METHOD" missed="1" covered="0"/></method><method name="objectCover" desc="(Ljavafx/scene/image/ImageView;)Ljavafx/scene/image/ImageView;" line="605"><counter type="INSTRUCTION" missed="3" covered="0"/><counter type="LINE" missed="1" covered="0"/><counter type="COMPLEXITY" missed="1" covered="0"/><counter type="METHOD" missed="1" covered="0"/></method><method name="objectContain" desc="(Ljavafx/scene/image/ImageView;)Ljavafx/scene/image/ImageView;" line="606"><counter type="INSTRUCTION" missed="3" covered="0"/><counter type="LINE" missed="1" covered="0"/><counter type="COMPLEXITY" missed="1" covered="0"/><counter type="METHOD" missed="1" covered="0"/></method><method name="objectCenter" desc="(Ljavafx/scene/image/ImageView;)Ljavafx/scene/image/ImageView;" line="607"><counter type="INSTRUCTION" missed="3" covered="0"/><counter type="LINE" missed="1" covered="0"/><counter type="COMPLEXITY" missed="1" covered="0"/><counter type="METHOD" missed="1" covered="0"/></method><method name="imgSize" desc="(Ljavafx/scene/image/ImageView;DDZ)Ljavafx/scene/image/ImageView;" line="608"><counter type="INSTRUCTION" missed="6" covered="0"/><counter type="LINE" missed="1" covered="0"/><counter type="COMPLEXITY" missed="1" covered="0"/><counter type="METHOD" missed="1" covered="0"/></method><method name="invisible" desc="(Ljavafx/scene/Node;)Ljavafx/scene/Node;" line="615"><counter type="INSTRUCTION" missed="3" covered="0"/><counter type="LINE" missed="1" covered="0"/><counter type="COMPLEXITY" missed="1" covered="0"/><counter type="METHOD" missed="1" covered="0"/></method><method name="hiddenNode" desc="(Ljavafx/scene/Node;)Ljavafx/scene/Node;" line="616"><counter type="INSTRUCTION" missed="3" covered="0"/><counter type="LINE" missed="1" covered="0"/><counter type="COMPLEXITY" missed="1" covered="0"/><counter type="METHOD" missed="1" covered="0"/></method><method name="show" desc="(Ljavafx/scene/Node;)Ljavafx/scene/Node;" line="617"><counter type="INSTRUCTION" missed="3" covered="0"/><counter type="LINE" missed="1" covered="0"/><counter type="COMPLEXITY" missed="1" covered="0"/><counter type="METHOD" missed="1" covered="0"/></method><method name="configure" desc="()Ltailwindfx/TailwindFX$Config;" line="706"><counter type="INSTRUCTION" missed="2" covered="0"/><counter type="LINE" missed="1" covered="0"/><counter type="COMPLEXITY" missed="1" covered="0"/><counter type="METHOD" missed="1" covered="0"/></method><method name="unit" desc="()D" line="709"><counter type="INSTRUCTION" missed="3" covered="0"/><counter type="LINE" missed="1" covered="0"/><counter type="COMPLEXITY" missed="1" covered="0"/><counter type="METHOD" missed="1" covered="0"/></method><method name="setDebug" desc="(Z)V" line="715"><counter type="INSTRUCTION" missed="5" covered="0"/><counter type="LINE" missed="1" covered="0"/><counter type="COMPLEXITY" missed="1" covered="0"/><counter type="METHOD" missed="1" covered="0"/></method><method name="metrics" desc="()Ltailwindfx/TailwindFXMetrics;" line="729"><counter type="INSTRUCTION" missed="2" covered="0"/><counter type="LINE" missed="1" covered="0"/><counter type="COMPLEXITY" missed="1" covered="0"/><counter type="METHOD" missed="1" covered="0"/></method><method name="watch" desc="(Ljava/lang/String;Ljavafx/scene/Scene;)V" line="751"><counter type="INSTRUCTION" missed="24" covered="0"/><counter type="LINE" missed="6" covered="0"/><counter type="COMPLEXITY" missed="1" covered="0"/><counter type="METHOD" missed="1" covered="0"/></method><method name="debugReport" desc="(Ljavafx/scene/Node;)Ljava/lang/String;" line="814"><counter type="INSTRUCTION" missed="82" covered="0"/><counter type="BRANCH" missed="8" covered="0"/><counter type="LINE" missed="17" covered="0"/><counter type="COMPLEXITY" missed="5" covered="0"/><counter type="METHOD" missed="1" covered="0"/></method><method name="debugPrint" desc="(Ljavafx/scene/Node;)V" line="848"><counter type="INSTRUCTION" missed="5" covered="0"/><counter type="LINE" missed="1" covered="0"/><counter type="COMPLEXITY" missed="1" covered="0"/><counter type="METHOD" missed="1" covered="0"/></method><method name="saveTheme" desc="(Ljavafx/scene/Scene;Ljava/lang/String;)V" line="863"><counter type="INSTRUCTION" missed="4" covered="0"/><counter type="LINE" missed="1" covered="0"/><counter type="COMPLEXITY" missed="1" covered="0"/><counter type="METHOD" missed="1" covered="0"/></method><method name="loadTheme" desc="(Ljavafx/scene/Scene;Ljava/lang/String;)Z" line="869"><counter type="INSTRUCTION" missed="4" covered="0"/><counter type="LINE" missed="1" covered="0"/><counter type="COMPLEXITY" missed="1" covered="0"/><counter type="METHOD" missed="1" covered="0"/></method><method name="deleteTheme" desc="(Ljava/lang/String;)V" line="872"><counter type="INSTRUCTION" missed="3" covered="0"/><counter type="LINE" missed="1" covered="0"/><counter type="COMPLEXITY" missed="1" covered="0"/><counter type="METHOD" missed="1" covered="0"/></method><method name="responsive" desc="(Ljavafx/scene/Node;)Ltailwindfx/ResponsiveNode$Builder;" line="894"><counter type="INSTRUCTION" missed="3" covered="0"/><counter type="LINE" missed="1" covered="0"/><counter type="COMPLEXITY" missed="1" covered="0"/><counter type="METHOD" missed="1" covered="0"/></method><method name="flexRow" desc="()Ltailwindfx/FxFlexPane;" line="915"><counter type="INSTRUCTION" missed="2" covered="0"/><counter type="LINE" missed="1" covered="0"/><counter type="COMPLEXITY" missed="1" covered="0"/><counter type="METHOD" missed="1" covered="0"/></method><method name="flexCol" desc="()Ltailwindfx/FxFlexPane;" line="922"><counter type="INSTRUCTION" missed="2" covered="0"/><counter type="LINE" missed="1" covered="0"/><counter type="COMPLEXITY" missed="1" covered="0"/><counter type="METHOD" missed="1" covered="0"/></method><method name="grid" desc="()Ltailwindfx/FxGridPane$Builder;" line="947"><counter type="INSTRUCTION" missed="2" covered="0"/><counter type="LINE" missed="1" covered="0"/><counter type="COMPLEXITY" missed="1" covered="0"/><counter type="METHOD" missed="1" covered="0"/></method><method name="component" desc="()Ltailwindfx/ComponentFactory;" line="964"><counter type="INSTRUCTION" missed="2" covered="0"/><counter type="LINE" missed="1" covered="0"/><counter type="COMPLEXITY" missed="1" covered="0"/><counter type="METHOD" missed="1" covered="0"/></method><method name="card" desc="()Ltailwindfx/ComponentFactory$CardBuilder;" line="970"><counter type="INSTRUCTION" missed="2" covered="0"/><counter type="LINE" missed="1" covered="0"/><counter type="COMPLEXITY" missed="1" covered="0"/><counter type="METHOD" missed="1" covered="0"/></method><method name="badge" desc="(Ljava/lang/String;Ljava/lang/String;)Ljavafx/scene/control/Label;" line="972"><counter type="INSTRUCTION" missed="4" covered="0"/><counter type="LINE" missed="1" covered="0"/><counter type="COMPLEXITY" missed="1" covered="0"/><counter type="METHOD" missed="1" covered="0"/></method><method name="pill" desc="(Ljava/lang/String;Ljava/lang/String;)Ljavafx/scene/control/Label;" line="974"><counter type="INSTRUCTION" missed="4" covered="0"/><counter type="LINE" missed="1" covered="0"/><counter type="COMPLEXITY" missed="1" covered="0"/><counter type="METHOD" missed="1" covered="0"/></method><method name="tooltip" desc="(Ljavafx/scene/Node;Ljava/lang/String;)Ljavafx/scene/control/Tooltip;" line="976"><counter type="INSTRUCTION" missed="4" covered="0"/><counter type="LINE" missed="1" covered="0"/><counter type="COMPLEXITY" missed="1" covered="0"/><counter type="METHOD" missed="1" covered="0"/></method><method name="glass" desc="()Ltailwindfx/ComponentFactory$GlassBuilder;" line="978"><counter type="INSTRUCTION" missed="2" covered="0"/><counter type="LINE" missed="1" covered="0"/><counter type="COMPLEXITY" missed="1" covered="0"/><counter type="METHOD" missed="1" covered="0"/></method><method name="neumorphic" desc="(Ljavafx/scene/layout/Region;)Ltailwindfx/ComponentFactory$NeumorphicBuilder;" line="980"><counter type="INSTRUCTION" missed="3" covered="0"/><counter type="LINE" missed="1" covered="0"/><counter type="COMPLEXITY" missed="1" covered="0"/><counter type="METHOD" missed="1" covered="0"/></method><method name="modal" desc="(Ljavafx/scene/Node;)Ltailwindfx/ComponentFactory$ModalBuilder;" line="982"><counter type="INSTRUCTION" missed="3" covered="0"/><counter type="LINE" missed="1" covered="0"/><counter type="COMPLEXITY" missed="1" covered="0"/><counter type="METHOD" missed="1" covered="0"/></method><method name="drawer" desc="(Ltailwindfx/ComponentFactory$DrawerSide;D)Ltailwindfx/ComponentFactory$DrawerBuilder;" line="984"><counter type="INSTRUCTION" missed="4" covered="0"/><counter type="LINE" missed="1" covered="0"/><counter type="COMPLEXITY" missed="1" covered="0"/><counter type="METHOD" missed="1" covered="0"/></method><method name="dataTable" desc="(Ljava/lang/Class;)Ltailwindfx/ComponentFactory$DataTableBuilder;" line="986"><counter type="INSTRUCTION" missed="3" covered="0"/><counter type="LINE" missed="1" covered="0"/><counter type="COMPLEXITY" missed="1" covered="0"/><counter type="METHOD" missed="1" covered="0"/></method><method name="avatar" desc="(Ljava/lang/String;Ljava/lang/String;D)Ljavafx/scene/layout/StackPane;" line="988"><counter type="INSTRUCTION" missed="5" covered="0"/><counter type="LINE" missed="1" covered="0"/><counter type="COMPLEXITY" missed="1" covered="0"/><counter type="METHOD" missed="1" covered="0"/></method><method name="alert" desc="(Ljava/lang/String;Ljava/lang/String;)Ljavafx/scene/layout/HBox;" line="990"><counter type="INSTRUCTION" missed="4" covered="0"/><counter type="LINE" missed="1" covered="0"/><counter type="COMPLEXITY" missed="1" covered="0"/><counter type="METHOD" missed="1" covered="0"/></method><method name="flexBasis" desc="(Ljavafx/scene/Node;D)V" line="1000"><counter type="INSTRUCTION" missed="4" covered="0"/><counter type="LINE" missed="2" covered="0"/><counter type="COMPLEXITY" missed="1" covered="0"/><counter type="METHOD" missed="1" covered="0"/></method><method name="flexDirection" desc="(Ltailwindfx/FxFlexPane;Ltailwindfx/FxFlexPane$Direction;I)V" line="1017"><counter type="INSTRUCTION" missed="10" covered="0"/><counter type="LINE" missed="3" covered="0"/><counter type="COMPLEXITY" missed="1" covered="0"/><counter type="METHOD" missed="1" covered="0"/></method><method name="batch" desc="(Ljava/lang/Runnable;)V" line="1046"><counter type="INSTRUCTION" missed="15" covered="0"/><counter type="BRANCH" missed="2" covered="0"/><counter type="LINE" missed="5" covered="0"/><counter type="COMPLEXITY" missed="2" covered="0"/><counter type="METHOD" missed="1" covered="0"/></method><method name="batchAsync" desc="(Ljava/lang/Runnable;)V" line="1060"><counter type="INSTRUCTION" missed="3" covered="0"/><counter type="LINE" missed="1" covered="0"/><counter type="COMPLEXITY" missed="1" covered="0"/><counter type="METHOD" missed="1" covered="0"/></method><method name="invalidateDiff" desc="(Ljavafx/scene/Node;)V" line="1068"><counter type="INSTRUCTION" missed="3" covered="0"/><counter type="LINE" missed="1" covered="0"/><counter type="COMPLEXITY" missed="1" covered="0"/><counter type="METHOD" missed="1" covered="0"/></method><method name="cleanupNode" desc="(Ljavafx/scene/Node;)V" line="1088"><counter type="INSTRUCTION" missed="3" covered="0"/><counter type="LINE" missed="1" covered="0"/><counter type="COMPLEXITY" missed="1" covered="0"/><counter type="METHOD" missed="1" covered="0"/></method><method name="autoCleanup" desc="(Ljavafx/scene/Node;)V" line="1104"><counter type="INSTRUCTION" missed="3" covered="0"/><counter type="LINE" missed="1" covered="0"/><counter type="COMPLEXITY" missed="1" covered="0"/><counter type="METHOD" missed="1" covered="0"/></method><method name="invalidateCache" desc="(Ljavafx/scene/Node;)V" line="1112"><counter type="INSTRUCTION" missed="3" covered="0"/><counter type="LINE" missed="1" covered="0"/><counter type="COMPLEXITY" missed="1" covered="0"/><counter type="METHOD" missed="1" covered="0"/></method><method name="invalidateCategoryCache" desc="(Ljavafx/scene/Node;Ljava/lang/String;)V" line="1130"><counter type="INSTRUCTION" missed="4" covered="0"/><counter type="LINE" missed="2" covered="0"/><counter type="COMPLEXITY" missed="1" covered="0"/><counter type="METHOD" missed="1" covered="0"/></method><method name="textShadowSm" desc="(Ljavafx/scene/Node;)V" line="1138"><counter type="INSTRUCTION" missed="3" covered="0"/><counter type="LINE" missed="1" covered="0"/><counter type="COMPLEXITY" missed="1" covered="0"/><counter type="METHOD" missed="1" covered="0"/></method><method name="textShadowMd" desc="(Ljavafx/scene/Node;)V" line="1139"><counter type="INSTRUCTION" missed="3" covered="0"/><counter type="LINE" missed="1" covered="0"/><counter type="COMPLEXITY" missed="1" covered="0"/><counter type="METHOD" missed="1" covered="0"/></method><method name="textShadowLg" desc="(Ljavafx/scene/Node;)V" line="1140"><counter type="INSTRUCTION" missed="3" covered="0"/><counter type="LINE" missed="1" covered="0"/><counter type="COMPLEXITY" missed="1" covered="0"/><counter type="METHOD" missed="1" covered="0"/></method><method name="textShadowXl" desc="(Ljavafx/scene/Node;)V" line="1141"><counter type="INSTRUCTION" missed="3" covered="0"/><counter type="LINE" missed="1" covered="0"/><counter type="COMPLEXITY" missed="1" covered="0"/><counter type="METHOD" missed="1" covered="0"/></method><method name="textShadowNone" desc="(Ljavafx/scene/Node;)V" line="1142"><counter type="INSTRUCTION" missed="3" covered="0"/><counter type="LINE" missed="1" covered="0"/><counter type="COMPLEXITY" missed="1" covered="0"/><counter type="METHOD" missed="1" covered="0"/></method><method name="textShadow" desc="(Ljavafx/scene/Node;Ljava/lang/String;DDD)V" line="1154"><counter type="INSTRUCTION" missed="7" covered="0"/><counter type="LINE" missed="2" covered="0"/><counter type="COMPLEXITY" missed="1" covered="0"/><counter type="METHOD" missed="1" covered="0"/></method><method name="dropShadow" desc="(Ljavafx/scene/Node;Ljava/lang/String;DDDD)V" line="1172"><counter type="INSTRUCTION" missed="8" covered="0"/><counter type="LINE" missed="2" covered="0"/><counter type="COMPLEXITY" missed="1" covered="0"/><counter type="METHOD" missed="1" covered="0"/></method><method name="dropShadowBlue" desc="(Ljavafx/scene/Node;)V" line="1176"><counter type="INSTRUCTION" missed="3" covered="0"/><counter type="LINE" missed="1" covered="0"/><counter type="COMPLEXITY" missed="1" covered="0"/><counter type="METHOD" missed="1" covered="0"/></method><method name="dropShadowGreen" desc="(Ljavafx/scene/Node;)V" line="1178"><counter type="INSTRUCTION" missed="3" covered="0"/><counter type="LINE" missed="1" covered="0"/><counter type="COMPLEXITY" missed="1" covered="0"/><counter type="METHOD" missed="1" covered="0"/></method><method name="dropShadowRed" desc="(Ljavafx/scene/Node;)V" line="1180"><counter type="INSTRUCTION" missed="3" covered="0"/><counter type="LINE" missed="1" covered="0"/><counter type="COMPLEXITY" missed="1" covered="0"/><counter type="METHOD" missed="1" covered="0"/></method><method name="dropShadowPurple" desc="(Ljavafx/scene/Node;)V" line="1182"><counter type="INSTRUCTION" missed="3" covered="0"/><counter type="LINE" missed="1" covered="0"/><counter type="COMPLEXITY" missed="1" covered="0"/><counter type="METHOD" missed="1" covered="0"/></method><method name="clipCircle" desc="(Ljavafx/scene/Node;)V" line="1193"><counter type="INSTRUCTION" missed="3" covered="0"/><counter type="LINE" missed="1" covered="0"/><counter type="COMPLEXITY" missed="1" covered="0"/><counter type="METHOD" missed="1" covered="0"/></method><method name="clipRounded" desc="(Ljavafx/scene/Node;D)V" line="1200"><counter type="INSTRUCTION" missed="4" covered="0"/><counter type="LINE" missed="1" covered="0"/><counter type="COMPLEXITY" missed="1" covered="0"/><counter type="METHOD" missed="1" covered="0"/></method><method name="clipMask" desc="(Ljavafx/scene/Node;Ljavafx/scene/shape/Shape;)V" line="1208"><counter type="INSTRUCTION" missed="4" covered="0"/><counter type="LINE" missed="2" covered="0"/><counter type="COMPLEXITY" missed="1" covered="0"/><counter type="METHOD" missed="1" covered="0"/></method><method name="clipNone" desc="(Ljavafx/scene/Node;)V" line="1212"><counter type="INSTRUCTION" missed="3" covered="0"/><counter type="LINE" missed="1" covered="0"/><counter type="COMPLEXITY" missed="1" covered="0"/><counter type="METHOD" missed="1" covered="0"/></method><method name="fill" desc="(Ljavafx/scene/shape/Shape;Ljava/lang/String;)V" line="1224"><counter type="INSTRUCTION" missed="4" covered="0"/><counter type="LINE" missed="2" covered="0"/><counter type="COMPLEXITY" missed="1" covered="0"/><counter type="METHOD" missed="1" covered="0"/></method><method name="stroke" desc="(Ljavafx/scene/shape/Shape;Ljava/lang/String;)V" line="1233"><counter type="INSTRUCTION" missed="4" covered="0"/><counter type="LINE" missed="2" covered="0"/><counter type="COMPLEXITY" missed="1" covered="0"/><counter type="METHOD" missed="1" covered="0"/></method><method name="strokeWidth" desc="(Ljavafx/scene/shape/Shape;D)V" line="1238"><counter type="INSTRUCTION" missed="4" covered="0"/><counter type="LINE" missed="2" covered="0"/><counter type="COMPLEXITY" missed="1" covered="0"/><counter type="METHOD" missed="1" covered="0"/></method><method name="rotateX" desc="(Ljavafx/scene/Node;D)V" line="1246"><counter type="INSTRUCTION" missed="4" covered="0"/><counter type="LINE" missed="1" covered="0"/><counter type="COMPLEXITY" missed="1" covered="0"/><counter type="METHOD" missed="1" covered="0"/></method><method name="rotateY" desc="(Ljavafx/scene/Node;D)V" line="1249"><counter type="INSTRUCTION" missed="4" covered="0"/><counter type="LINE" missed="1" covered="0"/><counter type="COMPLEXITY" missed="1" covered="0"/><counter type="METHOD" missed="1" covered="0"/></method><method name="translateZ" desc="(Ljavafx/scene/Node;D)V" line="1252"><counter type="INSTRUCTION" missed="4" covered="0"/><counter type="LINE" missed="1" covered="0"/><counter type="COMPLEXITY" missed="1" covered="0"/><counter type="METHOD" missed="1" covered="0"/></method><method name="reset3D" desc="(Ljavafx/scene/Node;)V" line="1255"><counter type="INSTRUCTION" missed="3" covered="0"/><counter type="LINE" missed="1" covered="0"/><counter type="COMPLEXITY" missed="1" covered="0"/><counter type="METHOD" missed="1" covered="0"/></method><method name="setReducedMotion" desc="(Z)V" line="1266"><counter type="INSTRUCTION" missed="3" covered="0"/><counter type="LINE" missed="1" covered="0"/><counter type="COMPLEXITY" missed="1" covered="0"/><counter type="METHOD" missed="1" covered="0"/></method><method name="shouldAnimate" desc="()Z" line="1272"><counter type="INSTRUCTION" missed="2" covered="0"/><counter type="LINE" missed="1" covered="0"/><counter type="COMPLEXITY" missed="1" covered="0"/><counter type="METHOD" missed="1" covered="0"/></method><method name="playIfMotionOk" desc="(Ltailwindfx/FxAnimation;)V" line="1279"><counter type="INSTRUCTION" missed="3" covered="0"/><counter type="LINE" missed="2" covered="0"/><counter type="COMPLEXITY" missed="1" covered="0"/><counter type="METHOD" missed="1" covered="0"/></method><method name="glass" desc="(Ljavafx/scene/layout/Region;)V" line="1291"><counter type="INSTRUCTION" missed="3" covered="0"/><counter type="LINE" missed="1" covered="0"/><counter type="COMPLEXITY" missed="1" covered="0"/><counter type="METHOD" missed="1" covered="0"/></method><method name="glassDark" desc="(Ljavafx/scene/layout/Region;)V" line="1294"><counter type="INSTRUCTION" missed="3" covered="0"/><counter type="LINE" missed="1" covered="0"/><counter type="COMPLEXITY" missed="1" covered="0"/><counter type="METHOD" missed="1" covered="0"/></method><method name="neumorph" desc="(Ljavafx/scene/layout/Region;)V" line="1301"><counter type="INSTRUCTION" missed="3" covered="0"/><counter type="LINE" missed="1" covered="0"/><counter type="COMPLEXITY" missed="1" covered="0"/><counter type="METHOD" missed="1" covered="0"/></method><method name="neumorphInset" desc="(Ljavafx/scene/layout/Region;)V" line="1304"><counter type="INSTRUCTION" missed="3" covered="0"/><counter type="LINE" missed="1" covered="0"/><counter type="COMPLEXITY" missed="1" covered="0"/><counter type="METHOD" missed="1" covered="0"/></method><method name="aspectRatio" desc="(Ljavafx/scene/layout/Region;DD)V" line="1330"><counter type="INSTRUCTION" missed="45" covered="0"/><counter type="BRANCH" missed="6" covered="0"/><counter type="LINE" missed="7" covered="0"/><counter type="COMPLEXITY" missed="4" covered="0"/><counter type="METHOD" missed="1" covered="0"/></method><method name="aspectSquare" desc="(Ljavafx/scene/layout/Region;)V" line="1340"><counter type="INSTRUCTION" missed="5" covered="0"/><counter type="LINE" missed="1" covered="0"/><counter type="COMPLEXITY" missed="1" covered="0"/><counter type="METHOD" missed="1" covered="0"/></method><method name="backdropBlur" desc="(Ljavafx/scene/Node;D)V" line="1358"><counter type="INSTRUCTION" missed="25" covered="0"/><counter type="BRANCH" missed="4" covered="0"/><counter type="LINE" missed="6" covered="0"/><counter type="COMPLEXITY" missed="3" covered="0"/><counter type="METHOD" missed="1" covered="0"/></method><method name="backdropBlurSm" desc="(Ljavafx/scene/Node;)V" line="1368"><counter type="INSTRUCTION" missed="4" covered="0"/><counter type="LINE" missed="1" covered="0"/><counter type="COMPLEXITY" missed="1" covered="0"/><counter type="METHOD" missed="1" covered="0"/></method><method name="backdropBlurMd" desc="(Ljavafx/scene/Node;)V" line="1370"><counter type="INSTRUCTION" missed="4" covered="0"/><counter type="LINE" missed="1" covered="0"/><counter type="COMPLEXITY" missed="1" covered="0"/><counter type="METHOD" missed="1" covered="0"/></method><method name="backdropBlurLg" desc="(Ljavafx/scene/Node;)V" line="1372"><counter type="INSTRUCTION" missed="4" covered="0"/><counter type="LINE" missed="1" covered="0"/><counter type="COMPLEXITY" missed="1" covered="0"/><counter type="METHOD" missed="1" covered="0"/></method><method name="backdropBlurXl" desc="(Ljavafx/scene/Node;)V" line="1374"><counter type="INSTRUCTION" missed="4" covered="0"/><counter type="LINE" missed="1" covered="0"/><counter type="COMPLEXITY" missed="1" covered="0"/><counter type="METHOD" missed="1" covered="0"/></method><method name="backdropBlurNone" desc="(Ljavafx/scene/Node;)V" line="1376"><counter type="INSTRUCTION" missed="4" covered="0"/><counter type="LINE" missed="1" covered="0"/><counter type="COMPLEXITY" missed="1" covered="0"/><counter type="METHOD" missed="1" covered="0"/></method><method name="transition" desc="(Ljavafx/scene/Node;I[Ljavafx/animation/KeyValue;)Ltailwindfx/FxAnimation;" line="1404"><counter type="INSTRUCTION" missed="32" covered="0"/><counter type="LINE" missed="5" covered="0"/><counter type="COMPLEXITY" missed="1" covered="0"/><counter type="METHOD" missed="1" covered="0"/></method><method name="lambda$aspectRatio$7" desc="(Ljavafx/scene/layout/Region;DLjavafx/beans/value/ObservableValue;Ljava/lang/Number;Ljava/lang/Number;)V" line="1335"><counter type="INSTRUCTION" missed="7" covered="0"/><counter type="LINE" missed="1" covered="0"/><counter type="COMPLEXITY" missed="1" covered="0"/><counter type="METHOD" missed="1" covered="0"/></method><method name="lambda$debugReport$6" desc="(Ljava/lang/String;Ljava/lang/String;)Ljava/lang/String;" line="828"><counter type="INSTRUCTION" missed="3" covered="0"/><counter type="LINE" missed="1" covered="0"/><counter type="COMPLEXITY" missed="1" covered="0"/><counter type="METHOD" missed="1" covered="0"/></method><method name="lambda$debugReport$5" desc="(Ljava/util/Map$Entry;)Ljava/lang/String;" line="827"><counter type="INSTRUCTION" missed="10" covered="0"/><counter type="LINE" missed="1" covered="0"/><counter type="COMPLEXITY" missed="1" covered="0"/><counter type="METHOD" missed="1" covered="0"/></method><method name="lambda$watch$4" desc="(Ljava/lang/String;Ljavafx/scene/Scene;)V" line="756"><counter type="INSTRUCTION" missed="95" covered="0"/><counter type="BRANCH" missed="10" covered="0"/><counter type="LINE" missed="22" covered="0"/><counter type="COMPLEXITY" missed="6" covered="0"/><counter type="METHOD" missed="1" covered="0"/></method><method name="lambda$watch$3" desc="(Ljavafx/scene/Scene;Ljava/nio/file/Path;Ljava/lang/String;)V" line="774"><counter type="INSTRUCTION" missed="19" covered="0"/><counter type="LINE" missed="6" covered="0"/><counter type="COMPLEXITY" missed="1" covered="0"/><counter type="METHOD" missed="1" covered="0"/></method><method name="lambda$watch$2" desc="(Ljava/nio/file/Path;Ljava/lang/String;)Z" line="775"><counter type="INSTRUCTION" missed="6" covered="0"/><counter type="LINE" missed="1" covered="0"/><counter type="COMPLEXITY" missed="1" covered="0"/><counter type="METHOD" missed="1" covered="0"/></method><method name="lambda$installAnimationGuard$1" desc="(Ljavafx/scene/Scene;)V" line="454"><counter type="INSTRUCTION" missed="6" covered="0"/><counter type="LINE" missed="3" covered="0"/><counter type="COMPLEXITY" missed="1" covered="0"/><counter type="METHOD" missed="1" covered="0"/></method><method name="lambda$installAnimationGuard$0" desc="(Ljavafx/scene/Scene;)V" line="458"><counter type="INSTRUCTION" missed="3" covered="0"/><counter type="LINE" missed="1" covered="0"/><counter type="COMPLEXITY" missed="1" covered="0"/><counter type="METHOD" missed="1" covered="0"/></method><method name="&lt;clinit&gt;" desc="()V" line="703"><counter type="INSTRUCTION" missed="0" covered="9"/><counter type="LINE" missed="0" covered="2"/><counter type="COMPLEXITY" missed="0" covered="1"/><counter type="METHOD" missed="0" covered="1"/></method><counter type="INSTRUCTION" missed="1116" covered="163"/><counter type="BRANCH" missed="60" covered="24"/><counter type="LINE" missed="306" covered="33"/><counter type="COMPLEXITY" missed="214" covered="11"/><counter type="METHOD" missed="178" covered="5"/><counter type="CLASS" missed="0" covered="1"/></class><class name="tailwindfx/FxLayout$LayoutTransitionListener" sourcefilename="FxLayout.java"/><class name="tailwindfx/ComponentFactory$CardBuilder" sourcefilename="ComponentFactory.java"><method name="&lt;init&gt;" desc="()V" line="77"><counter type="INSTRUCTION" missed="0" covered="27"/><counter type="LINE" missed="0" covered="9"/><counter type="COMPLEXITY" missed="0" covered="1"/><counter type="METHOD" missed="0" covered="1"/></method><method name="title" desc="(Ljava/lang/String;)Ltailwindfx/ComponentFactory$CardBuilder;" line="87"><counter type="INSTRUCTION" missed="0" covered="5"/><counter type="LINE" missed="0" covered="1"/><counter type="COMPLEXITY" missed="0" covered="1"/><counter type="METHOD" missed="0" covered="1"/></method><method name="body" desc="(Ljavafx/scene/Node;)Ltailwindfx/ComponentFactory$CardBuilder;" line="88"><counter type="INSTRUCTION" missed="0" covered="5"/><counter type="LINE" missed="0" covered="1"/><counter type="COMPLEXITY" missed="0" covered="1"/><counter type="METHOD" missed="0" covered="1"/></method><method name="footer" desc="(Ljavafx/scene/Node;)Ltailwindfx/ComponentFactory$CardBuilder;" line="89"><counter type="INSTRUCTION" missed="0" covered="5"/><counter type="LINE" missed="0" covered="1"/><counter type="COMPLEXITY" missed="0" covered="1"/><counter type="METHOD" missed="0" covered="1"/></method><method name="shadow" desc="(Z)Ltailwindfx/ComponentFactory$CardBuilder;" line="90"><counter type="INSTRUCTION" missed="0" covered="5"/><counter type="LINE" missed="0" covered="1"/><counter type="COMPLEXITY" missed="0" covered="1"/><counter type="METHOD" missed="0" covered="1"/></method><method name="border" desc="(Z)Ltailwindfx/ComponentFactory$CardBuilder;" line="91"><counter type="INSTRUCTION" missed="0" covered="5"/><counter type="LINE" missed="0" covered="1"/><counter type="COMPLEXITY" missed="0" covered="1"/><counter type="METHOD" missed="0" covered="1"/></method><method name="hoverable" desc="(Z)Ltailwindfx/ComponentFactory$CardBuilder;" line="92"><counter type="INSTRUCTION" missed="0" covered="5"/><counter type="LINE" missed="0" covered="1"/><counter type="COMPLEXITY" missed="0" covered="1"/><counter type="METHOD" missed="0" covered="1"/></method><method name="padding" desc="(D)Ltailwindfx/ComponentFactory$CardBuilder;" line="93"><counter type="INSTRUCTION" missed="0" covered="5"/><counter type="LINE" missed="0" covered="1"/><counter type="COMPLEXITY" missed="0" covered="1"/><counter type="METHOD" missed="0" covered="1"/></method><method name="radius" desc="(D)Ltailwindfx/ComponentFactory$CardBuilder;" line="94"><counter type="INSTRUCTION" missed="0" covered="5"/><counter type="LINE" missed="0" covered="1"/><counter type="COMPLEXITY" missed="0" covered="1"/><counter type="METHOD" missed="0" covered="1"/></method><method name="build" desc="()Ljavafx/scene/layout/VBox;" line="97"><counter type="INSTRUCTION" missed="73" covered="71"/><counter type="BRANCH" missed="8" covered="6"/><counter type="LINE" missed="9" covered="14"/><counter type="COMPLEXITY" missed="7" covered="1"/><counter type="METHOD" missed="0" covered="1"/></method><counter type="INSTRUCTION" missed="73" covered="138"/><counter type="BRANCH" missed="8" covered="6"/><counter type="LINE" missed="9" covered="31"/><counter type="COMPLEXITY" missed="7" covered="10"/><counter type="METHOD" missed="0" covered="10"/><counter type="CLASS" missed="0" covered="1"/></class><class name="tailwindfx/ComponentFactory$ModalBuilder" sourcefilename="ComponentFactory.java"><method name="&lt;init&gt;" desc="(Ljavafx/scene/Node;)V" line="220"><counter type="INSTRUCTION" missed="18" covered="0"/><counter type="LINE" missed="5" covered="0"/><counter type="COMPLEXITY" missed="1" covered="0"/><counter type="METHOD" missed="1" covered="0"/></method><method name="dismissOnOverlay" desc="(Z)Ltailwindfx/ComponentFactory$ModalBuilder;" line="227"><counter type="INSTRUCTION" missed="5" covered="0"/><counter type="LINE" missed="1" covered="0"/><counter type="COMPLEXITY" missed="1" covered="0"/><counter type="METHOD" missed="1" covered="0"/></method><method name="animated" desc="(Z)Ltailwindfx/ComponentFactory$ModalBuilder;" line="228"><counter type="INSTRUCTION" missed="5" covered="0"/><counter type="LINE" missed="1" covered="0"/><counter type="COMPLEXITY" missed="1" covered="0"/><counter type="METHOD" missed="1" covered="0"/></method><method name="maxWidth" desc="(D)Ltailwindfx/ComponentFactory$ModalBuilder;" line="229"><counter type="INSTRUCTION" missed="5" covered="0"/><counter type="LINE" missed="1" covered="0"/><counter type="COMPLEXITY" missed="1" covered="0"/><counter type="METHOD" missed="1" covered="0"/></method><method name="onDismiss" desc="(Ljava/lang/Runnable;)Ltailwindfx/ComponentFactory$ModalBuilder;" line="230"><counter type="INSTRUCTION" missed="5" covered="0"/><counter type="LINE" missed="1" covered="0"/><counter type="COMPLEXITY" missed="1" covered="0"/><counter type="METHOD" missed="1" covered="0"/></method><method name="show" desc="(Ljavafx/scene/layout/Pane;)Ljavafx/scene/layout/StackPane;" line="241"><counter type="INSTRUCTION" missed="91" covered="0"/><counter type="BRANCH" missed="4" covered="0"/><counter type="LINE" missed="19" covered="0"/><counter type="COMPLEXITY" missed="3" covered="0"/><counter type="METHOD" missed="1" covered="0"/></method><method name="lambda$show$0" desc="(Ljavafx/scene/layout/StackPane;Ljavafx/scene/layout/Pane;Ljavafx/scene/input/MouseEvent;)V" line="259"><counter type="INSTRUCTION" missed="16" covered="0"/><counter type="BRANCH" missed="4" covered="0"/><counter type="LINE" missed="4" covered="0"/><counter type="COMPLEXITY" missed="3" covered="0"/><counter type="METHOD" missed="1" covered="0"/></method><counter type="INSTRUCTION" missed="145" covered="0"/><counter type="BRANCH" missed="8" covered="0"/><counter type="LINE" missed="32" covered="0"/><counter type="COMPLEXITY" missed="11" covered="0"/><counter type="METHOD" missed="7" covered="0"/><counter type="CLASS" missed="1" covered="0"/></class><class name="tailwindfx/ResponsiveNode$Builder" sourcefilename="ResponsiveNode.java"><method name="&lt;init&gt;" desc="(Ljavafx/scene/Node;)V" line="80"><counter type="INSTRUCTION" missed="15" covered="0"/><counter type="LINE" missed="3" covered="0"/><counter type="COMPLEXITY" missed="1" covered="0"/><counter type="METHOD" missed="1" covered="0"/></method><method name="base" desc="([Ljava/lang/String;)Ltailwindfx/ResponsiveNode$Builder;" line="94"><counter type="INSTRUCTION" missed="5" covered="0"/><counter type="LINE" missed="1" covered="0"/><counter type="COMPLEXITY" missed="1" covered="0"/><counter type="METHOD" missed="1" covered="0"/></method><method name="sm" desc="([Ljava/lang/String;)Ltailwindfx/ResponsiveNode$Builder;" line="97"><counter type="INSTRUCTION" missed="5" covered="0"/><counter type="LINE" missed="1" covered="0"/><counter type="COMPLEXITY" missed="1" covered="0"/><counter type="METHOD" missed="1" covered="0"/></method><method name="md" desc="([Ljava/lang/String;)Ltailwindfx/ResponsiveNode$Builder;" line="100"><counter type="INSTRUCTION" missed="5" covered="0"/><counter type="LINE" missed="1" covered="0"/><counter type="COMPLEXITY" missed="1" covered="0"/><counter type="METHOD" missed="1" covered="0"/></method><method name="lg" desc="([Ljava/lang/String;)Ltailwindfx/ResponsiveNode$Builder;" line="103"><counter type="INSTRUCTION" missed="5" covered="0"/><counter type="LINE" missed="1" covered="0"/><counter type="COMPLEXITY" missed="1" covered="0"/><counter type="METHOD" missed="1" covered="0"/></method><method name="xl" desc="([Ljava/lang/String;)Ltailwindfx/ResponsiveNode$Builder;" line="106"><counter type="INSTRUCTION" missed="5" covered="0"/><counter type="LINE" missed="1" covered="0"/><counter type="COMPLEXITY" missed="1" covered="0"/><counter type="METHOD" missed="1" covered="0"/></method><method name="xxl" desc="([Ljava/lang/String;)Ltailwindfx/ResponsiveNode$Builder;" line="109"><counter type="INSTRUCTION" missed="5" covered="0"/><counter type="LINE" missed="1" covered="0"/><counter type="COMPLEXITY" missed="1" covered="0"/><counter type="METHOD" missed="1" covered="0"/></method><method name="at" desc="(I[Ljava/lang/String;)Ltailwindfx/ResponsiveNode$Builder;" line="119"><counter type="INSTRUCTION" missed="17" covered="0"/><counter type="BRANCH" missed="2" covered="0"/><counter type="LINE" missed="3" covered="0"/><counter type="COMPLEXITY" missed="2" covered="0"/><counter type="METHOD" missed="1" covered="0"/></method><method name="onBreakpoint" desc="(Ljava/util/function/Consumer;)Ltailwindfx/ResponsiveNode$Builder;" line="132"><counter type="INSTRUCTION" missed="5" covered="0"/><counter type="LINE" missed="2" covered="0"/><counter type="COMPLEXITY" missed="1" covered="0"/><counter type="METHOD" missed="1" covered="0"/></method><method name="install" desc="(Ljavafx/scene/Scene;)Ltailwindfx/ResponsiveNode;" line="147"><counter type="INSTRUCTION" missed="18" covered="0"/><counter type="LINE" missed="2" covered="0"/><counter type="COMPLEXITY" missed="1" covered="0"/><counter type="METHOD" missed="1" covered="0"/></method><counter type="INSTRUCTION" missed="85" covered="0"/><counter type="BRANCH" missed="2" covered="0"/><counter type="LINE" missed="16" covered="0"/><counter type="COMPLEXITY" missed="11" covered="0"/><counter type="METHOD" missed="10" covered="0"/><counter type="CLASS" missed="1" covered="0"/></class><class name="tailwindfx/FxGridPane$AutoFlow" sourcefilename="FxGridPane.java"><method name="&lt;clinit&gt;" desc="()V" line="78"><counter type="INSTRUCTION" missed="27" covered="0"/><counter type="LINE" missed="5" covered="0"/><counter type="COMPLEXITY" missed="1" covered="0"/><counter type="METHOD" missed="1" covered="0"/></method><counter type="INSTRUCTION" missed="27" covered="0"/><counter type="LINE" missed="5" cove
[...]
 nr="389" mi="5" ci="0" mb="0" cb="0"/><line nr="391" mi="7" ci="0" mb="0" cb="0"/><line nr="392" mi="9" ci="0" mb="2" cb="0"/><line nr="393" mi="2" ci="0" mb="0" cb="0"/><line nr="395" mi="1" ci="0" mb="0" cb="0"/><line nr="398" mi="5" ci="0" mb="0" cb="0"/><line nr="399" mi="11" ci="0" mb="2" cb="0"/><line nr="403" mi="5" ci="0" mb="0" cb="0"/><line nr="404" mi="11" ci="0" mb="2" cb="0"/><line nr="411" mi="3" ci="0" mb="0" cb="0"/><line nr="412" mi="2" ci="0" mb="0" cb="0"/><line nr="413" mi="2" ci="0" mb="0" cb="0"/><line nr="417" mi="3" ci="0" mb="0" cb="0"/><line nr="418" mi="3" ci="0" mb="0" cb="0"/><line nr="419" mi="2" ci="0" mb="0" cb="0"/><line nr="420" mi="2" ci="0" mb="0" cb="0"/><line nr="424" mi="3" ci="0" mb="0" cb="0"/><line nr="425" mi="2" ci="0" mb="0" cb="0"/><line nr="426" mi="2" ci="0" mb="0" cb="0"/><line nr="430" mi="3" ci="0" mb="0" cb="0"/><line nr="431" mi="2" ci="0" mb="0" cb="0"/><line nr="432" mi="2" ci="0" mb="0" cb="0"/><line nr="436" mi="3" ci="0" mb="0" cb="0"/><line nr="437" mi="2" ci="0" mb="0" cb="0"/><line nr="438" mi="2" ci="0" mb="0" cb="0"/><line nr="446" mi="6" ci="0" mb="0" cb="0"/><line nr="447" mi="2" ci="0" mb="0" cb="0"/><line nr="448" mi="2" ci="0" mb="0" cb="0"/><line nr="455" mi="7" ci="0" mb="0" cb="0"/><line nr="456" mi="2" ci="0" mb="0" cb="0"/><line nr="457" mi="2" ci="0" mb="0" cb="0"/><line nr="464" mi="13" ci="0" mb="0" cb="0"/><line nr="465" mi="2" ci="0" mb="0" cb="0"/><line nr="466" mi="2" ci="0" mb="0" cb="0"/><line nr="473" mi="13" ci="0" mb="0" cb="0"/><line nr="474" mi="2" ci="0" mb="0" cb="0"/><line nr="475" mi="2" ci="0" mb="0" cb="0"/><line nr="480" mi="3" ci="0" mb="0" cb="0"/><line nr="484" mi="3" ci="0" mb="0" cb="0"/><line nr="488" mi="3" ci="0" mb="0" cb="0"/><line nr="495" mi="3" ci="0" mb="0" cb="0"/><line nr="499" mi="3" ci="0" mb="0" cb="0"/><line nr="506" mi="3" ci="0" mb="0" cb="0"/><line nr="510" mi="3" ci="0" mb="0" cb="0"/><line nr="516" mi="1" ci="0" mb="0" cb="0"/><line nr="517" mi="2" ci="0" mb="0" cb="0"/><line nr="519" mi="1" ci="0" mb="0" cb="0"/><line nr="520" mi="2" ci="0" mb="0" cb="0"/><line nr="526" mi="3" ci="0" mb="0" cb="0"/><line nr="533" mi="3" ci="0" mb="0" cb="0"/><line nr="541" mi="2" ci="0" mb="0" cb="0"/><line nr="542" mi="3" ci="0" mb="0" cb="0"/><line nr="543" mi="3" ci="0" mb="2" cb="0"/><line nr="544" mi="1" ci="0" mb="0" cb="0"/><line nr="547" mi="11" ci="0" mb="0" cb="0"/><line nr="548" mi="11" ci="0" mb="0" cb="0"/><line nr="549" mi="8" ci="0" mb="0" cb="0"/><line nr="551" mi="4" ci="0" mb="2" cb="0"/><line nr="552" mi="8" ci="0" mb="0" cb="0"/><line nr="553" mi="3" ci="0" mb="2" cb="0"/><line nr="554" mi="8" ci="0" mb="0" cb="0"/><line nr="556" mi="7" ci="0" mb="0" cb="0"/><line nr="558" mi="5" ci="0" mb="0" cb="0"/><line nr="559" mi="1" ci="0" mb="0" cb="0"/><line nr="563" mi="12" ci="0" mb="4" cb="0"/><line nr="564" mi="12" ci="0" mb="4" cb="0"/><line nr="566" mi="3" ci="0" mb="0" cb="0"/><line nr="567" mi="16" ci="0" mb="2" cb="0"/><line nr="569" mi="13" ci="0" mb="0" cb="0"/><line nr="570" mi="16" ci="0" mb="2" cb="0"/><line nr="571" mi="4" ci="0" mb="0" cb="0"/><line nr="574" mi="10" ci="0" mb="2" cb="0"/><line nr="576" mi="4" ci="0" mb="0" cb="0"/><line nr="578" mi="10" ci="0" mb="2" cb="0"/><line nr="579" mi="3" ci="0" mb="0" cb="0"/><line nr="580" mi="3" ci="0" mb="0" cb="0"/><line nr="584" mi="4" ci="0" mb="4" cb="0"/><line nr="585" mi="10" ci="0" mb="0" cb="0"/><line nr="586" mi="11" ci="0" mb="0" cb="0"/><line nr="587" mi="10" ci="0" mb="2" cb="0"/><line nr="588" mi="11" ci="0" mb="2" cb="0"/><line nr="590" mi="2" ci="0" mb="2" cb="0"/><line nr="591" mi="11" ci="0" mb="0" cb="0"/><line nr="592" mi="4" ci="0" mb="0" cb="0"/><line nr="593" mi="9" ci="0" mb="4" cb="0"/><line nr="594" mi="2" ci="0" mb="0" cb="0"/><line nr="595" mi="2" ci="0" mb="0" cb="0"/><line nr="598" mi="11" ci="0" mb="0" cb="0"/><line nr="599" mi="4" ci="0" mb="0" cb="0"/><line nr="600" mi="3" ci="0" mb="2" cb="0"/><line nr="601" mi="2" ci="0" mb="0" cb="0"/><line nr="602" mi="1" ci="0" mb="0" cb="0"/><line nr="607" mi="12" ci="0" mb="0" cb="0"/><line nr="608" mi="12" ci="0" mb="0" cb="0"/><line nr="609" mi="13" ci="0" mb="0" cb="0"/><line nr="610" mi="13" ci="0" mb="0" cb="0"/><line nr="611" mi="6" ci="0" mb="0" cb="0"/><line nr="612" mi="1" ci="0" mb="0" cb="0"/><line nr="613" mi="1" ci="0" mb="0" cb="0"/><line nr="616" mi="7" ci="0" mb="2" cb="0"/><line nr="617" mi="9" ci="0" mb="2" cb="0"/><line nr="618" mi="10" ci="0" mb="2" cb="0"/><line nr="619" mi="11" ci="0" mb="0" cb="0"/><line nr="623" mi="11" ci="0" mb="0" cb="0"/><line nr="627" mi="10" ci="0" mb="4" cb="0"/><line nr="628" mi="2" ci="0" mb="0" cb="0"/><line nr="630" mi="7" ci="0" mb="2" cb="0"/><line nr="631" mi="7" ci="0" mb="2" cb="0"/><line nr="632" mi="10" ci="0" mb="2" cb="0"/><line nr="633" mi="2" ci="0" mb="0" cb="0"/><line nr="637" mi="2" ci="0" mb="0" cb="0"/><line nr="641" mi="7" ci="0" mb="2" cb="0"/><line nr="642" mi="7" ci="0" mb="2" cb="0"/><line nr="643" mi="10" ci="0" mb="0" cb="0"/><line nr="646" mi="1" ci="0" mb="0" cb="0"/><line nr="651" mi="19" ci="0" mb="0" cb="0"/><line nr="652" mi="18" ci="0" mb="0" cb="0"/><line nr="654" mi="13" ci="0" mb="0" cb="0"/><line nr="655" mi="13" ci="0" mb="0" cb="0"/><line nr="657" mi="10" ci="0" mb="2" cb="0"/><line nr="658" mi="5" ci="0" mb="0" cb="0"/><line nr="659" mi="11" ci="0" mb="4" cb="0"/><line nr="660" mi="6" ci="0" mb="0" cb="0"/><line nr="661" mi="12" ci="0" mb="0" cb="0"/><line nr="662" mi="12" ci="0" mb="0" cb="0"/><line nr="663" mi="17" ci="0" mb="0" cb="0"/><line nr="664" mi="17" ci="0" mb="0" cb="0"/><line nr="665" mi="6" ci="0" mb="0" cb="0"/><line nr="666" mi="1" ci="0" mb="0" cb="0"/><line nr="668" mi="6" ci="0" mb="0" cb="0"/><line nr="670" mi="1" ci="0" mb="0" cb="0"/><line nr="671" mi="1" ci="0" mb="0" cb="0"/><line nr="675" mi="15" ci="0" mb="0" cb="0"/><line nr="676" mi="4" ci="0" mb="0" cb="0"/><line nr="678" mi="10" ci="0" mb="2" cb="0"/><line nr="680" mi="2" ci="0" mb="0" cb="0"/><line nr="681" mi="8" ci="0" mb="2" cb="0"/><line nr="682" mi="8" ci="0" mb="2" cb="0"/><line nr="683" mi="2" ci="0" mb="0" cb="0"/><line nr="686" mi="14" ci="0" mb="2" cb="0"/><line nr="687" mi="10" ci="0" mb="0" cb="0"/><line nr="688" mi="6" ci="0" mb="0" cb="0"/><line nr="689" mi="6" ci="0" mb="0" cb="0"/><line nr="690" mi="10" ci="0" mb="0" cb="0"/><line nr="694" mi="6" ci="0" mb="2" cb="0"/><line nr="696" mi="8" ci="0" mb="0" cb="0"/><line nr="698" mi="5" ci="0" mb="0" cb="0"/><line nr="699" mi="6" ci="0" mb="2" cb="0"/><line nr="700" mi="2" ci="0" mb="0" cb="0"/><line nr="702" mi="1" ci="0" mb="0" cb="0"/><line nr="704" mi="1" ci="0" mb="0" cb="0"/><line nr="705" mi="1" ci="0" mb="0" cb="0"/><line nr="711" mi="19" ci="0" mb="2" cb="0"/><line nr="712" mi="3" ci="0" mb="0" cb="0"/><line nr="717" mi="23" ci="0" mb="0" cb="0"/><line nr="722" mi="3" ci="0" mb="0" cb="0"/><line nr="723" mi="3" ci="0" mb="2" cb="0"/><line nr="724" mi="2" ci="0" mb="0" cb="0"/><line nr="726" mi="16" ci="0" mb="2" cb="0"/><line nr="727" mi="4" ci="0" mb="0" cb="0"/><line nr="728" mi="21" ci="0" mb="0" cb="0"/><counter type="INSTRUCTION" missed="1509" covered="0"/><counter type="BRANCH" missed="126" covered="0"/><counter type="LINE" missed="275" covered="0"/><counter type="COMPLEXITY" missed="124" covered="0"/><counter type="METHOD" missed="61" covered="0"/><counter type="CLASS" missed="3" covered="0"/></sourcefile><sourcefile name="BreakpointManager.java"><line nr="60" mi="5" ci="0" mb="0" cb="0"/><line nr="66" mi="3" ci="0" mb="0" cb="0"/><line nr="67" mi="8" ci="0" mb="0" cb="0"/><line nr="68" mi="8" ci="0" mb="0" cb="0"/><line nr="69" mi="8" ci="0" mb="0" cb="0"/><line nr="70" mi="8" ci="0" mb="0" cb="0"/><line nr="71" mi="8" ci="0" mb="0" cb="0"/><line nr="72" mi="8" ci="0" mb="0" cb="0"/><line nr="77" mi="4" ci="0" mb="0" cb="0"/><line nr="78" mi="3" ci="0" mb="0" cb="0"/><line nr="79" mi="3" ci="0" mb="0" cb="0"/><line nr="80" mi="1" ci="0" mb="0" cb="0"/><line nr="83" mi="2" ci="0" mb="0" cb="0"/><line nr="84" mi="16" ci="0" mb="2" cb="0"/><line nr="85" mi="7" ci="0" mb="2" cb="0"/><line nr="86" mi="2" ci="0" mb="0" cb="0"/><line nr="103" mi="2" ci="0" mb="0" cb="0"/><line nr="104" mi="2" ci="0" mb="0" cb="0"/><line nr="105" mi="2" ci="0" mb="0" cb="0"/><line nr="106" mi="2" ci="0" mb="0" cb="0"/><line nr="107" mi="2" ci="0" mb="0" cb="0"/><line nr="108" mi="3" ci="0" mb="0" cb="0"/><line nr="116" mi="2" ci="0" mb="0" cb="0"/><line nr="117" mi="6" ci="0" mb="0" cb="0"/><line nr="120" mi="9" ci="0" mb="0" cb="0"/><line nr="121" mi="8" ci="0" mb="0" cb="0"/><line nr="122" mi="2" ci="0" mb="0" cb="0"/><line nr="126" mi="7" ci="0" mb="0" cb="0"/><line nr="130" mi="9" ci="0" mb="0" cb="0"/><line nr="133" mi="4" ci="0" mb="0" cb="0"/><line nr="143" mi="12" ci="0" mb="0" cb="0"/><line nr="154" mi="5" ci="0" mb="0" cb="0"/><line nr="157" mi="3" ci="0" mb="0" cb="0"/><line nr="160" mi="3" ci="0" mb="0" cb="0"/><line nr="164" mi="5" ci="0" mb="0" cb="0"/><line nr="173" mi="2" ci="0" mb="0" cb="0"/><line nr="174" mi="7" ci="0" mb="0" cb="0"/><line nr="175" mi="3" ci="0" mb="0" cb="0"/><line nr="176" mi="5" ci="0" mb="0" cb="0"/><line nr="177" mi="7" ci="0" mb="0" cb="0"/><line nr="178" mi="2" ci="0" mb="0" cb="0"/><line nr="179" mi="1" ci="0" mb="0" cb="0"/><line nr="183" mi="6" ci="0" mb="0" cb="0"/><line nr="196" mi="5" ci="0" mb="0" cb="0"/><line nr="197" mi="5" ci="0" mb="0" cb="0"/><line nr="199" mi="6" ci="0" mb="0" cb="0"/><line nr="200" mi="5" ci="0" mb="2" cb="0"/><line nr="201" mi="2" ci="0" mb="0" cb="0"/><line nr="204" mi="10" ci="0" mb="0" cb="0"/><line nr="205" mi="2" ci="0" mb="0" cb="0"/><line nr="214" mi="11" ci="0" mb="0" cb="0"/><line nr="215" mi="2" ci="0" mb="0" cb="0"/><line nr="220" mi="3" ci="0" mb="0" cb="0"/><line nr="221" mi="4" ci="0" mb="2" cb="0"/><line nr="222" mi="11" ci="0" mb="0" cb="0"/><line nr="224" mi="4" ci="0" mb="0" cb="0"/><line nr="225" mi="11" ci="0" mb="0" cb="0"/><line nr="226" mi="6" ci="0" mb="0" cb="0"/><line nr="227" mi="2" ci="0" mb="0" cb="0"/><line nr="231" mi="3" ci="0" mb="0" cb="0"/><line nr="241" mi="3" ci="0" mb="0" cb="0"/><line nr="245" mi="11" ci="0" mb="2" cb="0"/><line nr="248" mi="8" ci="0" mb="2" cb="0"/><line nr="252" mi="9" ci="0" mb="2" cb="0"/><line nr="253" mi="9" ci="0" mb="2" cb="0"/><line nr="254" mi="3" ci="0" mb="0" cb="0"/><line nr="255" mi="3" ci="0" mb="0" cb="0"/><line nr="256" mi="5" ci="0" mb="0" cb="0"/><line nr="257" mi="1" ci="0" mb="0" cb="0"/><line nr="264" mi="9" ci="0" mb="0" cb="0"/><line nr="265" mi="6" ci="0" mb="0" cb="0"/><line nr="266" mi="5" ci="0" mb="0" cb="0"/><line nr="267" mi="1" ci="0" mb="0" cb="0"/><line nr="270" mi="2" ci="0" mb="0" cb="0"/><line nr="271" mi="8" ci="0" mb="2" cb="0"/><line nr="272" mi="3" ci="0" mb="0" cb="0"/><line nr="274" mi="4" ci="0" mb="0" cb="0"/><line nr="275" mi="7" ci="0" mb="4" cb="0"/><line nr="276" mi="4" ci="0" mb="0" cb="0"/><line nr="278" mi="3" ci="0" mb="0" cb="0"/><line nr="280" mi="1" ci="0" mb="0" cb="0"/><line nr="281" mi="1" ci="0" mb="0" cb="0"/><line nr="284" mi="3" ci="0" mb="0" cb="0"/><line nr="285" mi="5" ci="0" mb="2" cb="0"/><line nr="287" mi="3" ci="0" mb="0" cb="0"/><line nr="288" mi="3" ci="0" mb="0" cb="0"/><line nr="291" mi="4" ci="0" mb="0" cb="0"/><line nr="293" mi="4" ci="0" mb="0" cb="0"/><line nr="294" mi="5" ci="0" mb="4" cb="0"/><line nr="295" mi="4" ci="0" mb="0" cb="0"/><line nr="297" mi="3" ci="0" mb="0" cb="0"/><line nr="298" mi="3" ci="0" mb="0" cb="0"/><line nr="300" mi="11" ci="0" mb="2" cb="0"/><line nr="301" mi="9" ci="0" mb="2" cb="0"/><line nr="302" mi="9" ci="0" mb="2" cb="0"/><line nr="303" mi="3" ci="0" mb="2" cb="0"/><line nr="304" mi="6" ci="0" mb="2" cb="0"/><line nr="305" mi="8" ci="0" mb="2" cb="0"/><line nr="307" mi="1" ci="0" mb="0" cb="0"/><line nr="308" mi="1" ci="0" mb="0" cb="0"/><line nr="311" mi="2" ci="0" mb="0" cb="0"/><line nr="312" mi="11" ci="0" mb="2" cb="0"/><line nr="313" mi="9" ci="0" mb="2" cb="0"/><line nr="315" mi="6" ci="0" mb="2" cb="0"/><line nr="316" mi="3" ci="0" mb="0" cb="0"/><line nr="318" mi="4" ci="0" mb="0" cb="0"/><line nr="319" mi="5" ci="0" mb="4" cb="0"/><line nr="320" mi="3" ci="0" mb="0" cb="0"/><line nr="321" mi="6" ci="0" mb="0" cb="0"/><line nr="322" mi="12" ci="0" mb="0" cb="0"/><line nr="323" mi="11" ci="0" mb="2" cb="0"/><line nr="324" mi="9" ci="0" mb="4" cb="0"/><line nr="325" mi="6" ci="0" mb="0" cb="0"/><line nr="327" mi="1" ci="0" mb="0" cb="0"/><line nr="330" mi="3" ci="0" mb="0" cb="0"/><line nr="331" mi="9" ci="0" mb="0" cb="0"/><line nr="332" mi="16" ci="0" mb="2" cb="0"/><line nr="333" mi="9" ci="0" mb="4" cb="0"/><line nr="334" mi="6" ci="0" mb="0" cb="0"/><line nr="336" mi="1" ci="0" mb="0" cb="0"/><line nr="339" mi="6" ci="0" mb="4" cb="0"/><line nr="340" mi="3" ci="0" mb="0" cb="0"/><line nr="341" mi="17" ci="0" mb="4" cb="0"/><line nr="342" mi="12" ci="0" mb="2" cb="0"/><line nr="343" mi="1" ci="0" mb="0" cb="0"/><line nr="345" mi="12" ci="0" mb="0" cb="0"/><line nr="351" mi="5" ci="0" mb="0" cb="0"/><line nr="352" mi="1" ci="0" mb="0" cb="0"/><counter type="INSTRUCTION" missed="687" covered="0"/><counter type="BRANCH" missed="72" covered="0"/><counter type="LINE" missed="128" covered="0"/><counter type="COMPLEXITY" missed="74" covered="0"/><counter type="METHOD" missed="38" covered="0"/><counter type="CLASS" missed="6" covered="0"/></sourcefile><counter type="INSTRUCTION" missed="21249" covered="5690"/><counter type="BRANCH" missed="2029" covered="320"/><counter type="LINE" missed="4104" covered="807"/><counter type="COMPLEXITY" missed="2237" covered="275"/><counter type="METHOD" missed="1034" covered="146"/><counter type="CLASS" missed="43" covered="21"/></package><package name="io/github/yasmramos/tailwindfx/components"><class name="io/github/yasmramos/tailwindfx/components/TWAccordion" sourcefilename="TWAccordion.java"><method name="&lt;init&gt;" desc="()V" line="14"><counter type="INSTRUCTION" missed="13" covered="0"/><counter type="LINE" missed="4" covered="0"/><counter type="COMPLEXITY" missed="1" covered="0"/><counter type="METHOD" missed="1" covered="0"/></method><method name="&lt;init&gt;" desc="([Ljavafx/scene/control/TitledPane;)V" line="25"><counter type="INSTRUCTION" missed="30" covered="0"/><counter type="BRANCH" missed="2" covered="0"/><counter type="LINE" missed="6" covered="0"/><counter type="COMPLEXITY" missed="2" covered="0"/><counter type="METHOD" missed="1" covered="0"/></method><method name="ensureTailwindStyle" desc="(Ljavafx/scene/control/TitledPane;)V" line="37"><counter type="INSTRUCTION" missed="9" covered="0"/><counter type="BRANCH" missed="2" covered="0"/><counter type="LINE" missed="3" covered="0"/><counter type="COMPLEXITY" missed="2" covered="0"/><counter type="METHOD" missed="1" covered="0"/></method><method name="updateStateClasses" desc="()V" line="45"><counter type="INSTRUCTION" missed="37" covered="0"/><counter type="BRANCH" missed="4" covered="0"/><counter type="LINE" missed="8" covered="0"/><counter type="COMPLEXITY" missed="3" covered="0"/><counter type="METHOD" missed="1" covered="0"/></method><method name="lambda$new$0" desc="(Ljavafx/beans/value/ObservableValue;Ljavafx/scene/control/TitledPane;Ljavafx/scene/control/TitledPane;)V" line="20"><counter type="INSTRUCTION" missed="3" covered="0"/><counter type="LINE" missed="2" covered="0"/><counter type="COMPLEXITY" missed="1" covered="0"/><counter type="METHOD" missed="1" covered="0"/></method><counter type="INSTRUCTION" missed="92" covered="0"/><counter type="BRANCH" missed="8" covered="0"/><counter type="LINE" missed="23" covered="0"/><counter type="COMPLEXITY" missed="9" covered="0"/><counter type="METHOD" missed="5" covered="0"/><counter type="CLASS" missed="1" covered="0"/></class><class name="io/github/yasmramos/tailwindfx/components/TWTitledPane" sourcefilename="TWTitledPane.java"><method name="&lt;init&gt;" desc="()V" line="12"><counter type="INSTRUCTION" missed="5" covered="0"/><counter type="LINE" missed="3" covered="0"/><counter type="COMPLEXITY" missed="1" covered="0"/><counter type="METHOD" missed="1" covered="0"/></method><method name="&lt;init&gt;" desc="(Ljava/lang/String;)V" line="16"><counter type="INSTRUCTION" missed="8" covered="0"/><counter type="LINE" missed="4" covered="0"/><counter type="COMPLEXITY" missed="1" covered="0"/><counter type="METHOD" missed="1" covered="0"/></method><method name="&lt;init&gt;" desc="(Ljava/lang/String;Ljavafx/scene/layout/Region;)V" line="22"><counter type="INSTRUCTION" missed="7" covered="0"/><counter type="LINE" missed="3" covered="0"/><counter type="COMPLEXITY" missed="1" covered="0"/><counter type="METHOD" missed="1" covered="0"/></method><method name="initTailwindClasses" desc="()V" line="28"><counter type="INSTRUCTION" missed="6" covered="0"/><counter type="LINE" missed="2" covered="0"/><counter type="COMPLEXITY" missed="1" covered="0"/><counter type="METHOD" missed="1" covered="0"/></method><counter type="INSTRUCTION" missed="26" covered="0"/><counter type="LINE" missed="12" covered="0"/><counter type="COMPLEXITY" missed="4" covered="0"/><counter type="METHOD" missed="4" covered="0"/><counter type="CLASS" missed="1" covered="0"/></class><sourcefile name="TWTitledPane.java"><line nr="12" mi="2" ci="0" mb="0" cb="0"/><line nr="13" mi="2" ci="0" mb="0" cb="0"/><line nr="14" mi="1" ci="0" mb="0" cb="0"/><line nr="16" mi="2" ci="0" mb="0" cb="0"/><line nr="17" mi="3" ci="0" mb="0" cb="0"/><line nr="18" mi="2" ci="0" mb="0" cb="0"/><line nr="19" mi="1" ci="0" mb="0" cb="0"/><line nr="22" mi="4" ci="0" mb="0" cb="0"/><line nr="23" mi="2" ci="0" mb="0" cb="0"/><line nr="24" mi="1" ci="0" mb="0" cb="0"/><line nr="28" mi="5" ci="0" mb="0" cb="0"/><line nr="34" mi="1" ci="0" mb="0" cb="0"/><counter type="INSTRUCTION" missed="26" covered="0"/><counter type="LINE" missed="12" covered="0"/><counter type="COMPLEXITY" missed="4" covered="0"/><counter type="METHOD" missed="4" covered="0"/><counter type="CLASS" missed="1" covered="0"/></sourcefile><sourcefile name="TWAccordion.java"><line nr="14" mi="2" ci="0" mb="0" cb="0"/><line nr="16" mi="5" ci="0" mb="0" cb="0"/><line nr="19" mi="5" ci="0" mb="0" cb="0"/><line nr="20" mi="2" ci="0" mb="0" cb="0"/><line nr="21" mi="1" ci="0" mb="0" cb="0"/><line nr="22" mi="1" ci="0" mb="0" cb="0"/><line nr="25" mi="3" ci="0" mb="0" cb="0"/><line nr="26" mi="5" ci="0" mb="0" cb="0"/><line nr="28" mi="16" ci="0" mb="2" cb="0"/><line nr="29" mi="3" ci="0" mb="0" cb="0"/><line nr="31" mi="2" ci="0" mb="0" cb="0"/><line nr="32" mi="1" ci="0" mb="0" cb="0"/><line nr="37" mi="3" ci="0" mb="2" cb="0"/><line nr="38" mi="5" ci="0" mb="0" cb="0"/><line nr="41" mi="1" ci="0" mb="0" cb="0"/><line nr="45" mi="11" ci="0" mb="2" cb="0"/><line nr="46" mi="3" ci="0" mb="2" cb="0"/><line nr="47" mi="5" ci="0" mb="0" cb="0"/><line nr="48" mi="6" ci="0" mb="0" cb="0"/><line nr="50" mi="5" ci="0" mb="0" cb="0"/><line nr="51" mi="5" ci="0" mb="0" cb="0"/><line nr="53" mi="1" ci="0" mb="0" cb="0"/><line nr="54" mi="1" ci="0" mb="0" cb="0"/><counter type="INSTRUCTION" missed="92" covered="0"/><counter type="BRANCH" missed="8" covered="0"/><counter type="LINE" missed="23" covered="0"/><counter type="COMPLEXITY" missed="9" covered="0"/><counter type="METHOD" missed="5" covered="0"/><counter type="CLASS" missed="1" covered="0"/></sourcefile><counter type="INSTRUCTION" missed="118" covered="0"/><counter type="BRANCH" missed="8" covered="0"/><counter type="LINE" missed="35" covered="0"/><counter type="COMPLEXITY" missed="13" covered="0"/><counter type="METHOD" missed="9" covered="0"/><counter type="CLASS" missed="2" covered="0"/></package><counter type="INSTRUCTION" missed="21367" covered="5690"/><counter type="BRANCH" missed="2037" covered="320"/><counter type="LINE" missed="4139" covered="807"/><counter type="COMPLEXITY" missed="2250" covered="275"/><counter type="METHOD" missed="1043" covered="146"/><counter type="CLASS" missed="45" covered="21"/></report>